#! /usr/bin/vvp
:ivl_version "11.0 (stable)";
:ivl_delay_selection "TYPICAL";
:vpi_time_precision - 9;
:vpi_module "/usr/lib64/ivl/system.vpi";
:vpi_module "/usr/lib64/ivl/vhdl_sys.vpi";
:vpi_module "/usr/lib64/ivl/vhdl_textio.vpi";
:vpi_module "/usr/lib64/ivl/v2005_math.vpi";
:vpi_module "/usr/lib64/ivl/va_math.vpi";
:vpi_module "/usr/lib64/ivl/v2009.vpi";
S_0x55b6a3d67200 .scope package, "$unit" "$unit" 2 1;
 .timescale 0 0;
S_0x55b6a3d70740 .scope module, "testbench" "testbench" 3 12;
 .timescale -9 -9;
v0x55b6a3d933b0_0 .var "clk", 0 0;
S_0x55b6a3d68ce0 .scope module, "cpu" "CPU" 3 18, 4 1 0, S_0x55b6a3d70740;
 .timescale -9 -9;
    .port_info 0 /INPUT 1 "clk";
v0x55b6a3d90090_0 .net "A", 23 0, v0x55b6a3d85770_0;  1 drivers
v0x55b6a3d901c0_0 .net "ABuff", 23 0, v0x55b6a3d61da0_0;  1 drivers
v0x55b6a3d90280_0 .net "ALUIn", 23 0, v0x55b6a3d82920_0;  1 drivers
v0x55b6a3d90370_0 .net "ALUOp", 4 0, v0x55b6a3d892a0_0;  1 drivers
v0x55b6a3d90430_0 .net "ALUOut", 23 0, v0x55b6a3d88c20_0;  1 drivers
v0x55b6a3d90540_0 .net "ALUSrc", 0 0, v0x55b6a3d893d0_0;  1 drivers
v0x55b6a3d90630_0 .net "B", 23 0, v0x55b6a3d85880_0;  1 drivers
v0x55b6a3d90740_0 .net "BBuff", 23 0, v0x55b6a3d82f80_0;  1 drivers
v0x55b6a3d90800_0 .net "DataOut", 23 0, L_0x55b6a3da4b20;  1 drivers
v0x55b6a3d908c0_0 .net "Mem2Reg", 1 0, v0x55b6a3d89490_0;  1 drivers
v0x55b6a3d909d0_0 .net "MemRead", 0 0, v0x55b6a3d89530_0;  1 drivers
v0x55b6a3d90ac0_0 .net "MemWrite", 0 0, v0x55b6a3d878a0_0;  1 drivers
v0x55b6a3d90bb0_0 .net "Op", 4 0, L_0x55b6a3d935b0;  1 drivers
v0x55b6a3d90c70_0 .net "PCJump", 23 0, L_0x55b6a3da4600;  1 drivers
v0x55b6a3d90d60_0 .net "PCJumpBuff", 23 0, v0x55b6a3d84b60_0;  1 drivers
v0x55b6a3d90e70_0 .net "PCSource", 1 0, L_0x55b6a3d94190;  1 drivers
v0x55b6a3d90f80_0 .net "PCWriteCond", 0 0, v0x55b6a3d87a40_0;  1 drivers
v0x55b6a3d91180_0 .net "PCin", 23 0, v0x55b6a3d8dc40_0;  1 drivers
v0x55b6a3d91290_0 .net "PCout", 23 0, v0x55b6a3d83690_0;  1 drivers
v0x55b6a3d91350_0 .net "Rd", 2 0, L_0x55b6a3d93820;  1 drivers
v0x55b6a3d91430_0 .net "RegDst", 1 0, v0x55b6a3d897e0_0;  1 drivers
v0x55b6a3d914f0_0 .net "RegWrite", 0 0, v0x55b6a3d87b40_0;  1 drivers
v0x55b6a3d915e0_0 .net "Result", 23 0, v0x55b6a3d88360_0;  1 drivers
v0x55b6a3d916f0_0 .net "Rs", 2 0, L_0x55b6a3d938c0;  1 drivers
v0x55b6a3d917b0_0 .net "Rt", 2 0, L_0x55b6a3d93960;  1 drivers
v0x55b6a3d91870_0 .net "SEOut", 23 0, v0x55b6a3d86650_0;  1 drivers
v0x55b6a3d91930_0 .net "SEOut1", 23 0, v0x55b6a3d87480_0;  1 drivers
v0x55b6a3d91a40_0 .net "SEOut2", 23 0, v0x55b6a3d86de0_0;  1 drivers
v0x55b6a3d91b50_0 .net "SeSel", 0 0, v0x55b6a3d898c0_0;  1 drivers
L_0x7fad4ee704e0 .functor BUFT 1, C4<000000000000000000000>, C4<0>, C4<0>, C4<0>;
v0x55b6a3d91c40_0 .net *"_ivl_35", 20 0, L_0x7fad4ee704e0;  1 drivers
L_0x7fad4ee70528 .functor BUFT 1, C4<000000000000000000000>, C4<0>, C4<0>, C4<0>;
v0x55b6a3d91d20_0 .net *"_ivl_40", 20 0, L_0x7fad4ee70528;  1 drivers
v0x55b6a3d91e00_0 .net *"_ivl_60", 16 0, L_0x55b6a3da5020;  1 drivers
L_0x7fad4ee70570 .functor BUFT 1, C4<0000000>, C4<0>, C4<0>, C4<0>;
v0x55b6a3d91ee0_0 .net *"_ivl_62", 6 0, L_0x7fad4ee70570;  1 drivers
L_0x7fad4ee705b8 .functor BUFT 1, C4<000000000000000000000>, C4<0>, C4<0>, C4<0>;
v0x55b6a3d921d0_0 .net *"_ivl_67", 20 0, L_0x7fad4ee705b8;  1 drivers
L_0x7fad4ee70600 .functor BUFT 1, C4<000000000000000000000>, C4<0>, C4<0>, C4<0>;
v0x55b6a3d922b0_0 .net *"_ivl_72", 20 0, L_0x7fad4ee70600;  1 drivers
v0x55b6a3d92390_0 .net *"_ivl_77", 15 0, L_0x55b6a3da55d0;  1 drivers
L_0x7fad4ee70648 .functor BUFT 1, C4<0>, C4<0>, C4<0>, C4<0>;
v0x55b6a3d92470_0 .net *"_ivl_81", 0 0, L_0x7fad4ee70648;  1 drivers
L_0x7fad4ee70768 .functor BUFT 1, C4<00000000000000000000000000000000>, C4<0>, C4<0>, C4<0>;
v0x55b6a3d92550_0 .net/2s *"_ivl_91", 31 0, L_0x7fad4ee70768;  1 drivers
L_0x7fad4ee707b0 .functor BUFT 1, C4<00000000000000000000000>, C4<0>, C4<0>, C4<0>;
v0x55b6a3d92630_0 .net *"_ivl_98", 22 0, L_0x7fad4ee707b0;  1 drivers
v0x55b6a3d92710_0 .net "clk", 0 0, v0x55b6a3d933b0_0;  1 drivers
v0x55b6a3d927b0_0 .net "cond", 1 0, L_0x55b6a3d93450;  1 drivers
v0x55b6a3d92870_0 .net "dataBuff", 23 0, v0x55b6a3d8d330_0;  1 drivers
v0x55b6a3d92960_0 .net "instruction", 23 0, L_0x55b6a3da52b0;  1 drivers
v0x55b6a3d92a70_0 .net "instructionBuff", 23 0, v0x55b6a3d8bee0_0;  1 drivers
v0x55b6a3d92b30_0 .net "nextPC", 23 0, L_0x55b6a3d94450;  1 drivers
v0x55b6a3d92bd0_0 .net "nextPCBuff", 23 0, v0x55b6a3d84440_0;  1 drivers
v0x55b6a3d92ce0_0 .net "reg2", 2 0, L_0x55b6a3da5460;  1 drivers
v0x55b6a3d92da0_0 .net "reg2sel", 0 0, v0x55b6a3d8a550_0;  1 drivers
v0x55b6a3d92e90_0 .net "sf", 0 0, L_0x55b6a3d936a0;  1 drivers
v0x55b6a3d92f30_0 .net "writeData", 23 0, v0x55b6a3d8fe00_0;  1 drivers
v0x55b6a3d93020_0 .net "writeReg", 2 0, L_0x55b6a3da4f30;  1 drivers
v0x55b6a3d930c0_0 .net "zero", 0 0, L_0x55b6a3da5c50;  1 drivers
v0x55b6a3d931b0_0 .net "zeroFlag", 0 0, v0x55b6a3d88530_0;  1 drivers
v0x55b6a3d932a0_0 .net "zeroFlagWrite", 0 0, L_0x55b6a3d93ae0;  1 drivers
L_0x55b6a3d93450 .part v0x55b6a3d8bee0_0, 0, 2;
L_0x55b6a3d935b0 .part v0x55b6a3d8bee0_0, 2, 5;
L_0x55b6a3d936a0 .part v0x55b6a3d8bee0_0, 7, 1;
L_0x55b6a3d93820 .part v0x55b6a3d8bee0_0, 8, 3;
L_0x55b6a3d938c0 .part v0x55b6a3d8bee0_0, 11, 3;
L_0x55b6a3d93960 .part v0x55b6a3d8bee0_0, 14, 3;
L_0x55b6a3da4c60 .concat [ 3 21 0 0], L_0x55b6a3d93820, L_0x7fad4ee704e0;
L_0x55b6a3da4da0 .concat [ 3 21 0 0], L_0x55b6a3d93960, L_0x7fad4ee70528;
L_0x55b6a3da4f30 .part v0x55b6a3d8f450_0, 0, 3;
L_0x55b6a3da5020 .part v0x55b6a3d86650_0, 0, 17;
L_0x55b6a3da5120 .concat [ 7 17 0 0], L_0x7fad4ee70570, L_0x55b6a3da5020;
L_0x55b6a3da5210 .concat [ 3 21 0 0], L_0x55b6a3d93960, L_0x7fad4ee705b8;
L_0x55b6a3da5370 .concat [ 3 21 0 0], L_0x55b6a3d93820, L_0x7fad4ee70600;
L_0x55b6a3da5460 .part v0x55b6a3d8e370_0, 0, 3;
L_0x55b6a3da55d0 .part v0x55b6a3d8bee0_0, 8, 16;
L_0x55b6a3da5780 .concat [ 16 1 0 0], L_0x55b6a3da55d0, L_0x7fad4ee70648;
L_0x55b6a3da5950 .part v0x55b6a3d8bee0_0, 14, 10;
L_0x55b6a3da59f0 .part L_0x7fad4ee70768, 0, 24;
L_0x55b6a3da5b80 .concat [ 1 23 0 0], v0x55b6a3d88530_0, L_0x7fad4ee707b0;
L_0x55b6a3da5c50 .part v0x55b6a3d8eb20_0, 0, 1;
S_0x55b6a3cda010 .scope module, "ABuffer" "Reg" 4 27, 5 1 0, S_0x55b6a3d68ce0;
 .timescale -9 -9;
    .port_info 0 /INPUT 24 "in";
    .port_info 1 /OUTPUT 24 "out";
    .port_info 2 /INPUT 1 "write";
    .port_info 3 /INPUT 1 "clk";
v0x55b6a3d5f7b0_0 .var "Register", 23 0;
v0x55b6a3d62710_0 .net "clk", 0 0, v0x55b6a3d933b0_0;  alias, 1 drivers
v0x55b6a3d623f0_0 .net "in", 23 0, v0x55b6a3d85770_0;  alias, 1 drivers
v0x55b6a3d61da0_0 .var "out", 23 0;
L_0x7fad4ee70450 .functor BUFT 1, C4<1>, C4<0>, C4<0>, C4<0>;
v0x55b6a3d61a50_0 .net "write", 0 0, L_0x7fad4ee70450;  1 drivers
E_0x55b6a3ccfde0 .event edge, v0x55b6a3d5f7b0_0;
E_0x55b6a3d72f60 .event posedge, v0x55b6a3d62710_0;
S_0x55b6a3d616b0 .scope module, "ALUMux" "Mux2x1" 4 39, 6 1 0, S_0x55b6a3d68ce0;
 .timescale -9 -9;
    .port_info 0 /INPUT 1 "sel";
    .port_info 1 /INPUT 24 "a";
    .port_info 2 /INPUT 24 "b";
    .port_info 3 /OUTPUT 24 "out";
v0x55b6a3d5a110_0 .net "a", 23 0, v0x55b6a3d82f80_0;  alias, 1 drivers
v0x55b6a3d58500_0 .net "b", 23 0, v0x55b6a3d86650_0;  alias, 1 drivers
v0x55b6a3d82920_0 .var "out", 23 0;
v0x55b6a3d829e0_0 .net "sel", 0 0, v0x55b6a3d893d0_0;  alias, 1 drivers
E_0x55b6a3d736e0 .event edge, v0x55b6a3d829e0_0, v0x55b6a3d58500_0, v0x55b6a3d5a110_0;
S_0x55b6a3d82b20 .scope module, "BBuffer" "Reg" 4 28, 5 1 0, S_0x55b6a3d68ce0;
 .timescale -9 -9;
    .port_info 0 /INPUT 24 "in";
    .port_info 1 /OUTPUT 24 "out";
    .port_info 2 /INPUT 1 "write";
    .port_info 3 /INPUT 1 "clk";
v0x55b6a3d82d20_0 .var "Register", 23 0;
v0x55b6a3d82e20_0 .net "clk", 0 0, v0x55b6a3d933b0_0;  alias, 1 drivers
v0x55b6a3d82ee0_0 .net "in", 23 0, v0x55b6a3d85880_0;  alias, 1 drivers
v0x55b6a3d82f80_0 .var "out", 23 0;
L_0x7fad4ee70498 .functor BUFT 1, C4<1>, C4<0>, C4<0>, C4<0>;
v0x55b6a3d83050_0 .net "write", 0 0, L_0x7fad4ee70498;  1 drivers
E_0x55b6a3d731e0 .event edge, v0x55b6a3d82d20_0;
S_0x55b6a3d831c0 .scope module, "PC" "Reg" 4 22, 5 1 0, S_0x55b6a3d68ce0;
 .timescale -9 -9;
    .port_info 0 /INPUT 24 "in";
    .port_info 1 /OUTPUT 24 "out";
    .port_info 2 /INPUT 1 "write";
    .port_info 3 /INPUT 1 "clk";
v0x55b6a3d833e0_0 .var "Register", 23 0;
v0x55b6a3d834e0_0 .net "clk", 0 0, v0x55b6a3d933b0_0;  alias, 1 drivers
v0x55b6a3d835f0_0 .net "in", 23 0, v0x55b6a3d8dc40_0;  alias, 1 drivers
v0x55b6a3d83690_0 .var "out", 23 0;
v0x55b6a3d83770_0 .net "write", 0 0, v0x55b6a3d87a40_0;  alias, 1 drivers
E_0x55b6a3d73720 .event edge, v0x55b6a3d833e0_0;
S_0x55b6a3d83900 .scope module, "PCAdd" "Adder" 4 18, 7 1 0, S_0x55b6a3d68ce0;
 .timescale -9 -9;
    .port_info 0 /INPUT 24 "A";
    .port_info 1 /INPUT 24 "B";
    .port_info 2 /OUTPUT 24 "out";
P_0x55b6a3d83b30 .param/l "bits" 0 7 1, +C4<00000000000000000000000000010111>;
v0x55b6a3d83c40_0 .net "A", 23 0, v0x55b6a3d83690_0;  alias, 1 drivers
L_0x7fad4ee70180 .functor BUFT 1, C4<000000000000000000000001>, C4<0>, C4<0>, C4<0>;
v0x55b6a3d83d20_0 .net "B", 23 0, L_0x7fad4ee70180;  1 drivers
v0x55b6a3d83de0_0 .net "out", 23 0, L_0x55b6a3d94450;  alias, 1 drivers
L_0x55b6a3d94450 .arith/sum 24, v0x55b6a3d83690_0, L_0x7fad4ee70180;
S_0x55b6a3d83f50 .scope module, "PCAddBuffer" "Reg" 4 20, 5 1 0, S_0x55b6a3d68ce0;
 .timescale -9 -9;
    .port_info 0 /INPUT 24 "in";
    .port_info 1 /OUTPUT 24 "out";
    .port_info 2 /INPUT 1 "write";
    .port_info 3 /INPUT 1 "clk";
v0x55b6a3d84180_0 .var "Register", 23 0;
v0x55b6a3d84280_0 .net "clk", 0 0, v0x55b6a3d933b0_0;  alias, 1 drivers
v0x55b6a3d84340_0 .net "in", 23 0, L_0x55b6a3d94450;  alias, 1 drivers
v0x55b6a3d84440_0 .var "out", 23 0;
L_0x7fad4ee701c8 .functor BUFT 1, C4<1>, C4<0>, C4<0>, C4<0>;
v0x55b6a3d844e0_0 .net "write", 0 0, L_0x7fad4ee701c8;  1 drivers
E_0x55b6a3d73760 .event edge, v0x55b6a3d84180_0;
S_0x55b6a3d84670 .scope module, "PCJumpBuffer" "Reg" 4 21, 5 1 0, S_0x55b6a3d68ce0;
 .timescale -9 -9;
    .port_info 0 /INPUT 24 "in";
    .port_info 1 /OUTPUT 24 "out";
    .port_info 2 /INPUT 1 "write";
    .port_info 3 /INPUT 1 "clk";
v0x55b6a3d848d0_0 .var "Register", 23 0;
v0x55b6a3d849d0_0 .net "clk", 0 0, v0x55b6a3d933b0_0;  alias, 1 drivers
v0x55b6a3d84a90_0 .net "in", 23 0, L_0x55b6a3da4600;  alias, 1 drivers
v0x55b6a3d84b60_0 .var "out", 23 0;
L_0x7fad4ee70210 .functor BUFT 1, C4<1>, C4<0>, C4<0>, C4<0>;
v0x55b6a3d84c40_0 .net "write", 0 0, L_0x7fad4ee70210;  1 drivers
E_0x55b6a3d84850 .event edge, v0x55b6a3d848d0_0;
S_0x55b6a3d84d80 .scope module, "PCJumpadd" "Adder" 4 19, 7 1 0, S_0x55b6a3d68ce0;
 .timescale -9 -9;
    .port_info 0 /INPUT 24 "A";
    .port_info 1 /INPUT 24 "B";
    .port_info 2 /OUTPUT 24 "out";
P_0x55b6a3d84f60 .param/l "bits" 0 7 1, +C4<00000000000000000000000000010111>;
v0x55b6a3d85070_0 .net "A", 23 0, v0x55b6a3d83690_0;  alias, 1 drivers
v0x55b6a3d851a0_0 .net "B", 23 0, v0x55b6a3d86650_0;  alias, 1 drivers
v0x55b6a3d85260_0 .net "out", 23 0, L_0x55b6a3da4600;  alias, 1 drivers
L_0x55b6a3da4600 .arith/sum 24, v0x55b6a3d83690_0, v0x55b6a3d86650_0;
S_0x55b6a3d853a0 .scope module, "RegFile" "RegisterFile" 4 31, 8 1 0, S_0x55b6a3d68ce0;
 .timescale -9 -9;
    .port_info 0 /INPUT 3 "Rdata1";
    .port_info 1 /INPUT 3 "Rdata2";
    .port_info 2 /INPUT 3 "WriteReg";
    .port_info 3 /INPUT 24 "Wdata";
    .port_info 4 /OUTPUT 24 "Outdata1";
    .port_info 5 /OUTPUT 24 "Outdata2";
    .port_info 6 /INPUT 1 "RegWrite";
    .port_info 7 /INPUT 1 "clk";
v0x55b6a3d85770_0 .var "Outdata1", 23 0;
v0x55b6a3d85880_0 .var "Outdata2", 23 0;
v0x55b6a3d85950_0 .net "Rdata1", 2 0, L_0x55b6a3d938c0;  alias, 1 drivers
v0x55b6a3d85a20_0 .net "Rdata2", 2 0, L_0x55b6a3da5460;  alias, 1 drivers
v0x55b6a3d85b00 .array "RegFile", 0 7, 23 0;
v0x55b6a3d85d60_0 .net "RegWrite", 0 0, v0x55b6a3d87b40_0;  alias, 1 drivers
v0x55b6a3d85e20_0 .net "Wdata", 23 0, v0x55b6a3d8fe00_0;  alias, 1 drivers
v0x55b6a3d85f00_0 .net "WriteReg", 2 0, L_0x55b6a3da4f30;  alias, 1 drivers
v0x55b6a3d85fe0_0 .net "clk", 0 0, v0x55b6a3d933b0_0;  alias, 1 drivers
v0x55b6a3d86080_0 .var/i "i", 31 0;
v0x55b6a3d85b00_0 .array/port v0x55b6a3d85b00, 0;
v0x55b6a3d85b00_1 .array/port v0x55b6a3d85b00, 1;
v0x55b6a3d85b00_2 .array/port v0x55b6a3d85b00, 2;
E_0x55b6a3d85650/0 .event edge, v0x55b6a3d85a20_0, v0x55b6a3d85b00_0, v0x55b6a3d85b00_1, v0x55b6a3d85b00_2;
v0x55b6a3d85b00_3 .array/port v0x55b6a3d85b00, 3;
v0x55b6a3d85b00_4 .array/port v0x55b6a3d85b00, 4;
v0x55b6a3d85b00_5 .array/port v0x55b6a3d85b00, 5;
v0x55b6a3d85b00_6 .array/port v0x55b6a3d85b00, 6;
E_0x55b6a3d85650/1 .event edge, v0x55b6a3d85b00_3, v0x55b6a3d85b00_4, v0x55b6a3d85b00_5, v0x55b6a3d85b00_6;
v0x55b6a3d85b00_7 .array/port v0x55b6a3d85b00, 7;
E_0x55b6a3d85650/2 .event edge, v0x55b6a3d85b00_7;
E_0x55b6a3d85650 .event/or E_0x55b6a3d85650/0, E_0x55b6a3d85650/1, E_0x55b6a3d85650/2;
E_0x55b6a3d856e0/0 .event edge, v0x55b6a3d85950_0, v0x55b6a3d85b00_0, v0x55b6a3d85b00_1, v0x55b6a3d85b00_2;
E_0x55b6a3d856e0/1 .event edge, v0x55b6a3d85b00_3, v0x55b6a3d85b00_4, v0x55b6a3d85b00_5, v0x55b6a3d85b00_6;
E_0x55b6a3d856e0/2 .event edge, v0x55b6a3d85b00_7;
E_0x55b6a3d856e0 .event/or E_0x55b6a3d856e0/0, E_0x55b6a3d856e0/1, E_0x55b6a3d856e0/2;
S_0x55b6a3d86260 .scope module, "SE" "Mux2x1" 4 37, 6 1 0, S_0x55b6a3d68ce0;
 .timescale -9 -9;
    .port_info 0 /INPUT 1 "sel";
    .port_info 1 /INPUT 24 "a";
    .port_info 2 /INPUT 24 "b";
    .port_info 3 /OUTPUT 24 "out";
v0x55b6a3d86470_0 .net "a", 23 0, v0x55b6a3d87480_0;  alias, 1 drivers
v0x55b6a3d86570_0 .net "b", 23 0, v0x55b6a3d86de0_0;  alias, 1 drivers
v0x55b6a3d86650_0 .var "out", 23 0;
v0x55b6a3d86770_0 .net "sel", 0 0, v0x55b6a3d898c0_0;  alias, 1 drivers
E_0x55b6a3d863f0 .event edge, v0x55b6a3d86770_0, v0x55b6a3d86570_0, v0x55b6a3d86470_0;
S_0x55b6a3d868b0 .scope module, "SE_10Bit" "SignExtend" 4 36, 9 1 0, S_0x55b6a3d68ce0;
 .timescale -9 -9;
    .port_info 0 /INPUT 10 "in";
    .port_info 1 /INPUT 1 "ExtOp";
    .port_info 2 /OUTPUT 24 "out";
P_0x55b6a3d86a90 .param/l "bits" 0 9 1, +C4<00000000000000000000000000001010>;
L_0x7fad4ee706d8 .functor BUFT 1, C4<1>, C4<0>, C4<0>, C4<0>;
v0x55b6a3d86c20_0 .net "ExtOp", 0 0, L_0x7fad4ee706d8;  1 drivers
v0x55b6a3d86d00_0 .net "in", 9 0, L_0x55b6a3da5950;  1 drivers
v0x55b6a3d86de0_0 .var "out", 23 0;
E_0x55b6a3d86ba0 .event edge, v0x55b6a3d86d00_0, v0x55b6a3d86c20_0;
S_0x55b6a3d86f40 .scope module, "SE_17Bit" "SignExtend" 4 35, 9 1 0, S_0x55b6a3d68ce0;
 .timescale -9 -9;
    .port_info 0 /INPUT 17 "in";
    .port_info 1 /INPUT 1 "ExtOp";
    .port_info 2 /OUTPUT 24 "out";
P_0x55b6a3d87120 .param/l "bits" 0 9 1, +C4<00000000000000000000000000010001>;
L_0x7fad4ee70690 .functor BUFT 1, C4<1>, C4<0>, C4<0>, C4<0>;
v0x55b6a3d872c0_0 .net "ExtOp", 0 0, L_0x7fad4ee70690;  1 drivers
v0x55b6a3d873a0_0 .net "in", 16 0, L_0x55b6a3da5780;  1 drivers
v0x55b6a3d87480_0 .var "out", 23 0;
E_0x55b6a3d87240 .event edge, v0x55b6a3d873a0_0, v0x55b6a3d872c0_0;
S_0x55b6a3d875e0 .scope module, "WControl" "writeControl" 4 17, 10 1 0, S_0x55b6a3d68ce0;
 .timescale -9 -9;
    .port_info 0 /INPUT 5 "Op";
    .port_info 1 /INPUT 1 "zeroFlag";
    .port_info 2 /OUTPUT 1 "RegWrite";
    .port_info 3 /OUTPUT 1 "MemWrite";
    .port_info 4 /OUTPUT 1 "PCWriteCond";
    .port_info 5 /INPUT 1 "clk";
v0x55b6a3d878a0_0 .var "MemWrite", 0 0;
v0x55b6a3d87960_0 .net "Op", 4 0, v0x55b6a3d892a0_0;  alias, 1 drivers
v0x55b6a3d87a40_0 .var "PCWriteCond", 0 0;
v0x55b6a3d87b40_0 .var "RegWrite", 0 0;
v0x55b6a3d87c10_0 .net "clk", 0 0, v0x55b6a3d933b0_0;  alias, 1 drivers
v0x55b6a3d87d00_0 .net "zeroFlag", 0 0, L_0x55b6a3da5c50;  alias, 1 drivers
S_0x55b6a3d87e60 .scope module, "alu" "ALU" 4 40, 11 1 0, S_0x55b6a3d68ce0;
 .timescale -9 -9;
    .port_info 0 /INPUT 24 "A";
    .port_info 1 /INPUT 24 "B";
    .port_info 2 /INPUT 5 "OP";
    .port_info 3 /OUTPUT 1 "zeroFlag";
    .port_info 4 /OUTPUT 24 "Result";
v0x55b6a3d88080_0 .net "A", 23 0, v0x55b6a3d61da0_0;  alias, 1 drivers
v0x55b6a3d88190_0 .net "B", 23 0, v0x55b6a3d82920_0;  alias, 1 drivers
v0x55b6a3d88260_0 .net "OP", 4 0, v0x55b6a3d892a0_0;  alias, 1 drivers
v0x55b6a3d88360_0 .var "Result", 23 0;
v0x55b6a3d88400_0 .var "temp", 23 0;
v0x55b6a3d88530_0 .var "zeroFlag", 0 0;
E_0x55b6a3d877c0 .event edge, v0x55b6a3d82920_0, v0x55b6a3d61da0_0, v0x55b6a3d87960_0;
S_0x55b6a3d88690 .scope module, "aluReg" "Reg" 4 41, 5 1 0, S_0x55b6a3d68ce0;
 .timescale -9 -9;
    .port_info 0 /INPUT 24 "in";
    .port_info 1 /OUTPUT 24 "out";
    .port_info 2 /INPUT 1 "write";
    .port_info 3 /INPUT 1 "clk";
v0x55b6a3d88960_0 .var "Register", 23 0;
v0x55b6a3d88a60_0 .net "clk", 0 0, v0x55b6a3d933b0_0;  alias, 1 drivers
v0x55b6a3d88b20_0 .net "in", 23 0, v0x55b6a3d88360_0;  alias, 1 drivers
v0x55b6a3d88c20_0 .var "out", 23 0;
L_0x7fad4ee70720 .functor BUFT 1, C4<1>, C4<0>, C4<0>, C4<0>;
v0x55b6a3d88cc0_0 .net "write", 0 0, L_0x7fad4ee70720;  1 drivers
E_0x55b6a3d888e0 .event edge, v0x55b6a3d88960_0;
S_0x55b6a3d88e50 .scope module, "cu" "controlUnit" 4 16, 12 1 0, S_0x55b6a3d68ce0;
 .timescale -9 -9;
    .port_info 0 /INPUT 5 "Op";
    .port_info 1 /INPUT 2 "cond";
    .port_info 2 /INPUT 1 "zeroFlag";
    .port_info 3 /INPUT 1 "branchZero";
    .port_info 4 /INPUT 1 "sf";
    .port_info 5 /OUTPUT 1 "reg2sel";
    .port_info 6 /OUTPUT 2 "Mem2Reg";
    .port_info 7 /OUTPUT 1 "MemRead";
    .port_info 8 /OUTPUT 1 "ALUSrc";
    .port_info 9 /OUTPUT 2 "RegDst";
    .port_info 10 /OUTPUT 2 "PCSource";
    .port_info 11 /OUTPUT 5 "ALUOp";
    .port_info 12 /OUTPUT 1 "SeSel";
    .port_info 13 /OUTPUT 1 "zeroFlagWrite";
L_0x55b6a3d93ae0 .functor OR 1, L_0x55b6a3d936a0, L_0x55b6a3d93a40, C4<0>, C4<0>;
L_0x55b6a3d93dc0 .functor OR 1, L_0x55b6a3d93ba0, L_0x55b6a3d93cd0, C4<0>, C4<0>;
L_0x55b6a3d93fc0 .functor AND 1, L_0x55b6a3d93ed0, v0x55b6a3d88530_0, C4<1>, C4<1>;
L_0x55b6a3d94080 .functor OR 1, L_0x55b6a3d93dc0, L_0x55b6a3d93fc0, C4<0>, C4<0>;
v0x55b6a3d892a0_0 .var "ALUOp", 4 0;
v0x55b6a3d893d0_0 .var "ALUSrc", 0 0;
v0x55b6a3d89490_0 .var "Mem2Reg", 1 0;
v0x55b6a3d89530_0 .var "MemRead", 0 0;
v0x55b6a3d895d0_0 .net "Op", 4 0, L_0x55b6a3d935b0;  alias, 1 drivers
v0x55b6a3d89700_0 .net "PCSource", 1 0, L_0x55b6a3d94190;  alias, 1 drivers
v0x55b6a3d897e0_0 .var "RegDst", 1 0;
v0x55b6a3d898c0_0 .var "SeSel", 0 0;
L_0x7fad4ee70018 .functor BUFT 1, C4<00101>, C4<0>, C4<0>, C4<0>;
v0x55b6a3d89960_0 .net/2u *"_ivl_0", 4 0, L_0x7fad4ee70018;  1 drivers
v0x55b6a3d89a20_0 .net *"_ivl_10", 0 0, L_0x55b6a3d93ba0;  1 drivers
L_0x7fad4ee700a8 .functor BUFT 1, C4<01101>, C4<0>, C4<0>, C4<0>;
v0x55b6a3d89ae0_0 .net/2u *"_ivl_12", 4 0, L_0x7fad4ee700a8;  1 drivers
v0x55b6a3d89bc0_0 .net *"_ivl_14", 0 0, L_0x55b6a3d93cd0;  1 drivers
v0x55b6a3d89c80_0 .net *"_ivl_17", 0 0, L_0x55b6a3d93dc0;  1 drivers
L_0x7fad4ee700f0 .functor BUFT 1, C4<01011>, C4<0>, C4<0>, C4<0>;
v0x55b6a3d89d40_0 .net/2u *"_ivl_18", 4 0, L_0x7fad4ee700f0;  1 drivers
v0x55b6a3d89e20_0 .net *"_ivl_2", 0 0, L_0x55b6a3d93a40;  1 drivers
v0x55b6a3d89ee0_0 .net *"_ivl_20", 0 0, L_0x55b6a3d93ed0;  1 drivers
v0x55b6a3d89fa0_0 .net *"_ivl_22", 0 0, L_0x55b6a3d93fc0;  1 drivers
v0x55b6a3d8a080_0 .net *"_ivl_25", 0 0, L_0x55b6a3d94080;  1 drivers
L_0x7fad4ee70138 .functor BUFT 1, C4<00110>, C4<0>, C4<0>, C4<0>;
v0x55b6a3d8a140_0 .net/2u *"_ivl_29", 4 0, L_0x7fad4ee70138;  1 drivers
v0x55b6a3d8a220_0 .net *"_ivl_31", 0 0, L_0x55b6a3d942d0;  1 drivers
L_0x7fad4ee70060 .functor BUFT 1, C4<01100>, C4<0>, C4<0>, C4<0>;
v0x55b6a3d8a2e0_0 .net/2u *"_ivl_8", 4 0, L_0x7fad4ee70060;  1 drivers
v0x55b6a3d8a3c0_0 .net "branchZero", 0 0, v0x55b6a3d88530_0;  alias, 1 drivers
v0x55b6a3d8a490_0 .net "cond", 1 0, L_0x55b6a3d93450;  alias, 1 drivers
v0x55b6a3d8a550_0 .var "reg2sel", 0 0;
v0x55b6a3d8a610_0 .net "sf", 0 0, L_0x55b6a3d936a0;  alias, 1 drivers
v0x55b6a3d8a6d0_0 .var "temp", 4 0;
v0x55b6a3d8a7b0_0 .net "zeroFlag", 0 0, L_0x55b6a3da5c50;  alias, 1 drivers
v0x55b6a3d8a880_0 .net "zeroFlagWrite", 0 0, L_0x55b6a3d93ae0;  alias, 1 drivers
E_0x55b6a3d89210 .event edge, v0x55b6a3d8a490_0, v0x55b6a3d87d00_0, v0x55b6a3d895d0_0, v0x55b6a3d8a6d0_0;
L_0x55b6a3d93a40 .cmp/eq 5, L_0x55b6a3d935b0, L_0x7fad4ee70018;
L_0x55b6a3d93ba0 .cmp/eq 5, L_0x55b6a3d935b0, L_0x7fad4ee70060;
L_0x55b6a3d93cd0 .cmp/eq 5, L_0x55b6a3d935b0, L_0x7fad4ee700a8;
L_0x55b6a3d93ed0 .cmp/eq 5, L_0x55b6a3d935b0, L_0x7fad4ee700f0;
L_0x55b6a3d94190 .concat8 [ 1 1 0 0], L_0x55b6a3d94080, L_0x55b6a3d942d0;
L_0x55b6a3d942d0 .cmp/eq 5, L_0x55b6a3d935b0, L_0x7fad4ee70138;
S_0x55b6a3d8ab60 .scope module, "dataMem" "Memory" 4 24, 13 1 0, S_0x55b6a3d68ce0;
 .timescale -9 -9;
    .port_info 0 /INPUT 24 "Address";
    .port_info 1 /INPUT 24 "DataIn";
    .port_info 2 /OUTPUT 24 "DataOut";
    .port_info 3 /INPUT 1 "MemW";
    .port_info 4 /INPUT 1 "MemR";
    .port_info 5 /INPUT 1 "clk";
v0x55b6a3d8add0_0 .net "Address", 23 0, v0x55b6a3d88c20_0;  alias, 1 drivers
v0x55b6a3d8aee0_0 .net "DataIn", 23 0, v0x55b6a3d82f80_0;  alias, 1 drivers
v0x55b6a3d8afd0_0 .net "DataOut", 23 0, L_0x55b6a3da4b20;  alias, 1 drivers
v0x55b6a3d8b090 .array "Mem", 0 16777215, 23 0;
v0x55b6a3d8b150_0 .net "MemR", 0 0, v0x55b6a3d89530_0;  alias, 1 drivers
v0x55b6a3d8b240_0 .net "MemW", 0 0, v0x55b6a3d878a0_0;  alias, 1 drivers
v0x55b6a3d8b310_0 .net *"_ivl_0", 23 0, L_0x55b6a3da4950;  1 drivers
v0x55b6a3d8b3b0_0 .net *"_ivl_2", 25 0, L_0x55b6a3da49f0;  1 drivers
L_0x7fad4ee70330 .functor BUFT 1, C4<00>, C4<0>, C4<0>, C4<0>;
v0x55b6a3d8b490_0 .net *"_ivl_5", 1 0, L_0x7fad4ee70330;  1 drivers
L_0x7fad4ee70378 .functor BUFT 1, C4<000000000000000000000000>, C4<0>, C4<0>, C4<0>;
v0x55b6a3d8b570_0 .net/2u *"_ivl_6", 23 0, L_0x7fad4ee70378;  1 drivers
v0x55b6a3d8b650_0 .net "clk", 0 0, v0x55b6a3d933b0_0;  alias, 1 drivers
v0x55b6a3d8b800_0 .var/i "i", 31 0;
L_0x55b6a3da4950 .array/port v0x55b6a3d8b090, L_0x55b6a3da49f0;
L_0x55b6a3da49f0 .concat [ 24 2 0 0], v0x55b6a3d88c20_0, L_0x7fad4ee70330;
L_0x55b6a3da4b20 .functor MUXZ 24, L_0x7fad4ee70378, L_0x55b6a3da4950, v0x55b6a3d89530_0, C4<>;
S_0x55b6a3d8b9e0 .scope module, "instructionBuffer" "Reg" 4 25, 5 1 0, S_0x55b6a3d68ce0;
 .timescale -9 -9;
    .port_info 0 /INPUT 24 "in";
    .port_info 1 /OUTPUT 24 "out";
    .port_info 2 /INPUT 1 "write";
    .port_info 3 /INPUT 1 "clk";
v0x55b6a3d8bc50_0 .var "Register", 23 0;
v0x55b6a3d8bd50_0 .net "clk", 0 0, v0x55b6a3d933b0_0;  alias, 1 drivers
v0x55b6a3d8be10_0 .net "in", 23 0, L_0x55b6a3da52b0;  alias, 1 drivers
v0x55b6a3d8bee0_0 .var "out", 23 0;
L_0x7fad4ee703c0 .functor BUFT 1, C4<1>, C4<0>, C4<0>, C4<0>;
v0x55b6a3d8bfc0_0 .net "write", 0 0, L_0x7fad4ee703c0;  1 drivers
E_0x55b6a3d8acf0 .event edge, v0x55b6a3d8bc50_0;
S_0x55b6a3d8c150 .scope module, "instructionMem" "Memory" 4 23, 13 1 0, S_0x55b6a3d68ce0;
 .timescale -9 -9;
    .port_info 0 /INPUT 24 "Address";
    .port_info 1 /INPUT 24 "DataIn";
    .port_info 2 /OUTPUT 24 "DataOut";
    .port_info 3 /INPUT 1 "MemW";
    .port_info 4 /INPUT 1 "MemR";
    .port_info 5 /INPUT 1 "clk";
L_0x55b6a3da52b0 .functor BUFT 24, L_0x55b6a3da4730, C4<000000000000000000000000>, C4<000000000000000000000000>, C4<000000000000000000000000>;
v0x55b6a3d8c410_0 .net "Address", 23 0, v0x55b6a3d83690_0;  alias, 1 drivers
o0x7fad4eebb0e8 .functor BUFZ 24, C4<zzzzzzzzzzzzzzzzzzzzzzzz>; HiZ drive
v0x55b6a3d8c4f0_0 .net "DataIn", 23 0, o0x7fad4eebb0e8;  0 drivers
v0x55b6a3d8c5d0_0 .net "DataOut", 23 0, L_0x55b6a3da52b0;  alias, 1 drivers
v0x55b6a3d8c6a0 .array "Mem", 0 16777215, 23 0;
L_0x7fad4ee702e8 .functor BUFT 1, C4<1>, C4<0>, C4<0>, C4<0>;
v0x55b6a3d8c740_0 .net "MemR", 0 0, L_0x7fad4ee702e8;  1 drivers
L_0x7fad4ee702a0 .functor BUFT 1, C4<0>, C4<0>, C4<0>, C4<0>;
v0x55b6a3d8c850_0 .net "MemW", 0 0, L_0x7fad4ee702a0;  1 drivers
v0x55b6a3d8c910_0 .net *"_ivl_0", 23 0, L_0x55b6a3da4730;  1 drivers
v0x55b6a3d8c9f0_0 .net *"_ivl_2", 25 0, L_0x55b6a3da47d0;  1 drivers
L_0x7fad4ee70258 .functor BUFT 1, C4<00>, C4<0>, C4<0>, C4<0>;
v0x55b6a3d8cad0_0 .net *"_ivl_5", 1 0, L_0x7fad4ee70258;  1 drivers
v0x55b6a3d8cbb0_0 .net "clk", 0 0, v0x55b6a3d933b0_0;  alias, 1 drivers
v0x55b6a3d8cc50_0 .var/i "i", 31 0;
L_0x55b6a3da4730 .array/port v0x55b6a3d8c6a0, L_0x55b6a3da47d0;
L_0x55b6a3da47d0 .concat [ 24 2 0 0], v0x55b6a3d83690_0, L_0x7fad4ee70258;
S_0x55b6a3d8ce30 .scope module, "memBuffer" "Reg" 4 26, 5 1 0, S_0x55b6a3d68ce0;
 .timescale -9 -9;
    .port_info 0 /INPUT 24 "in";
    .port_info 1 /OUTPUT 24 "out";
    .port_info 2 /INPUT 1 "write";
    .port_info 3 /INPUT 1 "clk";
v0x55b6a3d8d070_0 .var "Register", 23 0;
v0x55b6a3d8d170_0 .net "clk", 0 0, v0x55b6a3d933b0_0;  alias, 1 drivers
v0x55b6a3d8d230_0 .net "in", 23 0, L_0x55b6a3da4b20;  alias, 1 drivers
v0x55b6a3d8d330_0 .var "out", 23 0;
L_0x7fad4ee70408 .functor BUFT 1, C4<1>, C4<0>, C4<0>, C4<0>;
v0x55b6a3d8d3d0_0 .net "write", 0 0, L_0x7fad4ee70408;  1 drivers
E_0x55b6a3d8c330 .event edge, v0x55b6a3d8d070_0;
S_0x55b6a3d8d560 .scope module, "nextPCMux" "Mux4x1" 4 42, 6 14 0, S_0x55b6a3d68ce0;
 .timescale -9 -9;
    .port_info 0 /INPUT 2 "sel";
    .port_info 1 /INPUT 24 "a";
    .port_info 2 /INPUT 24 "b";
    .port_info 3 /INPUT 24 "c";
    .port_info 4 /INPUT 24 "d";
    .port_info 5 /OUTPUT 24 "out";
v0x55b6a3d8d8b0_0 .net "a", 23 0, v0x55b6a3d84440_0;  alias, 1 drivers
v0x55b6a3d8d990_0 .net "b", 23 0, v0x55b6a3d84b60_0;  alias, 1 drivers
v0x55b6a3d8da60_0 .net "c", 23 0, v0x55b6a3d61da0_0;  alias, 1 drivers
v0x55b6a3d8db80_0 .net "d", 23 0, L_0x55b6a3da59f0;  1 drivers
v0x55b6a3d8dc40_0 .var "out", 23 0;
v0x55b6a3d8dd50_0 .net "sel", 1 0, L_0x55b6a3d94190;  alias, 1 drivers
E_0x55b6a3d8d820/0 .event edge, v0x55b6a3d89700_0, v0x55b6a3d84440_0, v0x55b6a3d84b60_0, v0x55b6a3d61da0_0;
E_0x55b6a3d8d820/1 .event edge, v0x55b6a3d8db80_0;
E_0x55b6a3d8d820 .event/or E_0x55b6a3d8d820/0, E_0x55b6a3d8d820/1;
S_0x55b6a3d8ded0 .scope module, "readReg2" "Mux2x1" 4 32, 6 1 0, S_0x55b6a3d68ce0;
 .timescale -9 -9;
    .port_info 0 /INPUT 1 "sel";
    .port_info 1 /INPUT 24 "a";
    .port_info 2 /INPUT 24 "b";
    .port_info 3 /OUTPUT 24 "out";
v0x55b6a3d8e190_0 .net "a", 23 0, L_0x55b6a3da5210;  1 drivers
v0x55b6a3d8e290_0 .net "b", 23 0, L_0x55b6a3da5370;  1 drivers
v0x55b6a3d8e370_0 .var "out", 23 0;
v0x55b6a3d8e460_0 .net "sel", 0 0, v0x55b6a3d8a550_0;  alias, 1 drivers
E_0x55b6a3d8d740 .event edge, v0x55b6a3d8a550_0, v0x55b6a3d8e290_0, v0x55b6a3d8e190_0;
S_0x55b6a3d8e5c0 .scope module, "statusReg" "Reg" 4 43, 5 1 0, S_0x55b6a3d68ce0;
 .timescale -9 -9;
    .port_info 0 /INPUT 24 "in";
    .port_info 1 /OUTPUT 24 "out";
    .port_info 2 /INPUT 1 "write";
    .port_info 3 /INPUT 1 "clk";
v0x55b6a3d8e890_0 .var "Register", 23 0;
v0x55b6a3d8e990_0 .net "clk", 0 0, v0x55b6a3d933b0_0;  alias, 1 drivers
v0x55b6a3d8ea50_0 .net "in", 23 0, L_0x55b6a3da5b80;  1 drivers
v0x55b6a3d8eb20_0 .var "out", 23 0;
v0x55b6a3d8ec00_0 .net "write", 0 0, L_0x55b6a3d93ae0;  alias, 1 drivers
E_0x55b6a3d8e810 .event edge, v0x55b6a3d8e890_0;
S_0x55b6a3d8ed80 .scope module, "wRegMux" "Mux4x1" 4 29, 6 14 0, S_0x55b6a3d68ce0;
 .timescale -9 -9;
    .port_info 0 /INPUT 2 "sel";
    .port_info 1 /INPUT 24 "a";
    .port_info 2 /INPUT 24 "b";
    .port_info 3 /INPUT 24 "c";
    .port_info 4 /INPUT 24 "d";
    .port_info 5 /OUTPUT 24 "out";
v0x55b6a3d8f0d0_0 .net "a", 23 0, L_0x55b6a3da4c60;  1 drivers
v0x55b6a3d8f1d0_0 .net "b", 23 0, L_0x55b6a3da4da0;  1 drivers
L_0x7fad4ee707f8 .functor BUFT 1, C4<000000000000000000000001>, C4<0>, C4<0>, C4<0>;
v0x55b6a3d8f2b0_0 .net "c", 23 0, L_0x7fad4ee707f8;  1 drivers
L_0x7fad4ee70840 .functor BUFT 1, C4<000000000000000000000111>, C4<0>, C4<0>, C4<0>;
v0x55b6a3d8f370_0 .net "d", 23 0, L_0x7fad4ee70840;  1 drivers
v0x55b6a3d8f450_0 .var "out", 23 0;
v0x55b6a3d8f580_0 .net "sel", 1 0, v0x55b6a3d897e0_0;  alias, 1 drivers
E_0x55b6a3d8f040/0 .event edge, v0x55b6a3d897e0_0, v0x55b6a3d8f0d0_0, v0x55b6a3d8f1d0_0, v0x55b6a3d8f2b0_0;
E_0x55b6a3d8f040/1 .event edge, v0x55b6a3d8f370_0;
E_0x55b6a3d8f040 .event/or E_0x55b6a3d8f040/0, E_0x55b6a3d8f040/1;
S_0x55b6a3d8f720 .scope module, "writeDataMux" "Mux4x1" 4 30, 6 14 0, S_0x55b6a3d68ce0;
 .timescale -9 -9;
    .port_info 0 /INPUT 2 "sel";
    .port_info 1 /INPUT 24 "a";
    .port_info 2 /INPUT 24 "b";
    .port_info 3 /INPUT 24 "c";
    .port_info 4 /INPUT 24 "d";
    .port_info 5 /OUTPUT 24 "out";
v0x55b6a3d8fa30_0 .net "a", 23 0, v0x55b6a3d88c20_0;  alias, 1 drivers
v0x55b6a3d8fb60_0 .net "b", 23 0, v0x55b6a3d8d330_0;  alias, 1 drivers
v0x55b6a3d8fc20_0 .net "c", 23 0, L_0x55b6a3d94450;  alias, 1 drivers
v0x55b6a3d8fd40_0 .net "d", 23 0, L_0x55b6a3da5120;  1 drivers
v0x55b6a3d8fe00_0 .var "out", 23 0;
v0x55b6a3d8ff10_0 .net "sel", 1 0, v0x55b6a3d89490_0;  alias, 1 drivers
E_0x55b6a3d8f9a0/0 .event edge, v0x55b6a3d89490_0, v0x55b6a3d88c20_0, v0x55b6a3d8d330_0, v0x55b6a3d83de0_0;
E_0x55b6a3d8f9a0/1 .event edge, v0x55b6a3d8fd40_0;
E_0x55b6a3d8f9a0 .event/or E_0x55b6a3d8f9a0/0, E_0x55b6a3d8f9a0/1;
    .scope S_0x55b6a3d88e50;
T_0 ;
    %pushi/vec4 0, 0, 5;
    %store/vec4 v0x55b6a3d8a6d0_0, 0, 5;
    %end;
    .thread T_0, $init;
    .scope S_0x55b6a3d88e50;
T_1 ;
    %wait E_0x55b6a3d89210;
    %load/vec4 v0x55b6a3d8a490_0;
    %pad/u 32;
    %cmpi/e 0, 0, 32;
    %flag_mov 8, 4;
    %load/vec4 v0x55b6a3d8a490_0;
    %pad/u 32;
    %pushi/vec4 1, 0, 32;
    %cmp/e;
    %flag_get/vec4 4;
    %load/vec4 v0x55b6a3d8a7b0_0;
    %pad/u 32;
    %pushi/vec4 1, 0, 32;
    %cmp/e;
    %flag_get/vec4 4;
    %and;
    %flag_set/vec4 9;
    %flag_or 9, 8;
    %load/vec4 v0x55b6a3d8a490_0;
    %pad/u 32;
    %pushi/vec4 2, 0, 32;
    %cmp/e;
    %flag_get/vec4 4;
    %load/vec4 v0x55b6a3d8a7b0_0;
    %pad/u 32;
    %pushi/vec4 0, 0, 32;
    %cmp/e;
    %flag_get/vec4 4;
    %and;
    %flag_set/vec4 8;
    %flag_or 8, 9;
    %jmp/0xz  T_1.0, 8;
    %load/vec4 v0x55b6a3d895d0_0;
    %store/vec4 v0x55b6a3d8a6d0_0, 0, 5;
    %jmp T_1.1;
T_1.0 ;
    %pushi/vec4 15, 0, 5;
    %store/vec4 v0x55b6a3d8a6d0_0, 0, 5;
T_1.1 ;
    %load/vec4 v0x55b6a3d8a6d0_0;
    %assign/vec4 v0x55b6a3d892a0_0, 0;
    %load/vec4 v0x55b6a3d8a6d0_0;
    %dup/vec4;
    %pushi/vec4 9, 0, 5;
    %cmp/u;
    %jmp/1 T_1.2, 6;
    %dup/vec4;
    %pushi/vec4 12, 0, 5;
    %cmp/u;
    %jmp/1 T_1.3, 6;
    %dup/vec4;
    %pushi/vec4 10, 0, 5;
    %cmp/u;
    %jmp/1 T_1.4, 6;
    %dup/vec4;
    %pushi/vec4 11, 0, 5;
    %cmp/u;
    %jmp/1 T_1.5, 6;
    %dup/vec4;
    %pushi/vec4 6, 0, 5;
    %cmp/u;
    %jmp/1 T_1.6, 6;
    %dup/vec4;
    %pushi/vec4 0, 0, 5;
    %cmp/u;
    %jmp/1 T_1.7, 6;
    %dup/vec4;
    %pushi/vec4 1, 0, 5;
    %cmp/u;
    %jmp/1 T_1.8, 6;
    %dup/vec4;
    %pushi/vec4 3, 0, 5;
    %cmp/u;
    %jmp/1 T_1.9, 6;
    %dup/vec4;
    %pushi/vec4 4, 0, 5;
    %cmp/u;
    %jmp/1 T_1.10, 6;
    %dup/vec4;
    %pushi/vec4 2, 0, 5;
    %cmp/u;
    %jmp/1 T_1.11, 6;
    %dup/vec4;
    %pushi/vec4 13, 0, 5;
    %cmp/u;
    %jmp/1 T_1.12, 6;
    %dup/vec4;
    %pushi/vec4 14, 0, 5;
    %cmp/u;
    %jmp/1 T_1.13, 6;
    %dup/vec4;
    %pushi/vec4 5, 0, 5;
    %cmp/u;
    %jmp/1 T_1.14, 6;
    %dup/vec4;
    %pushi/vec4 7, 0, 5;
    %cmp/u;
    %jmp/1 T_1.15, 6;
    %dup/vec4;
    %pushi/vec4 8, 0, 5;
    %cmp/u;
    %jmp/1 T_1.16, 6;
    %pushi/vec4 15, 0, 5;
    %assign/vec4 v0x55b6a3d892a0_0, 0;
    %pushi/vec4 0, 0, 1;
    %assign/vec4 v0x55b6a3d89530_0, 0;
    %jmp T_1.18;
T_1.2 ;
    %pushi/vec4 1, 0, 2;
    %assign/vec4 v0x55b6a3d897e0_0, 0;
    %pushi/vec4 1, 0, 1;
    %assign/vec4 v0x55b6a3d893d0_0, 0;
    %pushi/vec4 1, 0, 1;
    %assign/vec4 v0x55b6a3d89530_0, 0;
    %pushi/vec4 1, 0, 2;
    %assign/vec4 v0x55b6a3d89490_0, 0;
    %pushi/vec4 1, 0, 1;
    %assign/vec4 v0x55b6a3d898c0_0, 0;
    %jmp T_1.18;
T_1.3 ;
    %pushi/vec4 0, 0, 1;
    %assign/vec4 v0x55b6a3d89530_0, 0;
    %pushi/vec4 0, 0, 2;
    %assign/vec4 v0x55b6a3d89490_0, 0;
    %pushi/vec4 0, 0, 1;
    %assign/vec4 v0x55b6a3d898c0_0, 0;
    %jmp T_1.18;
T_1.4 ;
    %pushi/vec4 1, 0, 1;
    %assign/vec4 v0x55b6a3d893d0_0, 0;
    %pushi/vec4 0, 0, 1;
    %assign/vec4 v0x55b6a3d89530_0, 0;
    %pushi/vec4 1, 0, 1;
    %assign/vec4 v0x55b6a3d8a550_0, 0;
    %pushi/vec4 1, 0, 1;
    %assign/vec4 v0x55b6a3d898c0_0, 0;
    %jmp T_1.18;
T_1.5 ;
    %pushi/vec4 0, 0, 1;
    %assign/vec4 v0x55b6a3d893d0_0, 0;
    %pushi/vec4 0, 0, 1;
    %assign/vec4 v0x55b6a3d89530_0, 0;
    %pushi/vec4 0, 0, 2;
    %assign/vec4 v0x55b6a3d89490_0, 0;
    %pushi/vec4 1, 0, 1;
    %assign/vec4 v0x55b6a3d898c0_0, 0;
    %pushi/vec4 1, 0, 1;
    %assign/vec4 v0x55b6a3d8a550_0, 0;
    %jmp T_1.18;
T_1.6 ;
    %pushi/vec4 0, 0, 1;
    %assign/vec4 v0x55b6a3d89530_0, 0;
    %jmp T_1.18;
T_1.7 ;
    %pushi/vec4 0, 0, 2;
    %assign/vec4 v0x55b6a3d897e0_0, 0;
    %pushi/vec4 0, 0, 1;
    %assign/vec4 v0x55b6a3d893d0_0, 0;
    %pushi/vec4 0, 0, 1;
    %assign/vec4 v0x55b6a3d89530_0, 0;
    %pushi/vec4 0, 0, 2;
    %assign/vec4 v0x55b6a3d89490_0, 0;
    %pushi/vec4 0, 0, 1;
    %assign/vec4 v0x55b6a3d8a550_0, 0;
    %jmp T_1.18;
T_1.8 ;
    %pushi/vec4 0, 0, 2;
    %assign/vec4 v0x55b6a3d897e0_0, 0;
    %pushi/vec4 0, 0, 1;
    %assign/vec4 v0x55b6a3d893d0_0, 0;
    %pushi/vec4 0, 0, 1;
    %assign/vec4 v0x55b6a3d89530_0, 0;
    %pushi/vec4 0, 0, 2;
    %assign/vec4 v0x55b6a3d89490_0, 0;
    %pushi/vec4 0, 0, 1;
    %assign/vec4 v0x55b6a3d8a550_0, 0;
    %jmp T_1.18;
T_1.9 ;
    %pushi/vec4 0, 0, 2;
    %assign/vec4 v0x55b6a3d897e0_0, 0;
    %pushi/vec4 0, 0, 1;
    %assign/vec4 v0x55b6a3d893d0_0, 0;
    %pushi/vec4 0, 0, 1;
    %assign/vec4 v0x55b6a3d89530_0, 0;
    %pushi/vec4 0, 0, 2;
    %assign/vec4 v0x55b6a3d89490_0, 0;
    %pushi/vec4 0, 0, 1;
    %assign/vec4 v0x55b6a3d8a550_0, 0;
    %jmp T_1.18;
T_1.10 ;
    %pushi/vec4 0, 0, 2;
    %assign/vec4 v0x55b6a3d897e0_0, 0;
    %pushi/vec4 0, 0, 1;
    %assign/vec4 v0x55b6a3d893d0_0, 0;
    %pushi/vec4 0, 0, 1;
    %assign/vec4 v0x55b6a3d89530_0, 0;
    %pushi/vec4 0, 0, 2;
    %assign/vec4 v0x55b6a3d89490_0, 0;
    %pushi/vec4 0, 0, 1;
    %assign/vec4 v0x55b6a3d8a550_0, 0;
    %jmp T_1.18;
T_1.11 ;
    %pushi/vec4 0, 0, 2;
    %assign/vec4 v0x55b6a3d897e0_0, 0;
    %pushi/vec4 0, 0, 1;
    %assign/vec4 v0x55b6a3d893d0_0, 0;
    %pushi/vec4 1, 0, 1;
    %assign/vec4 v0x55b6a3d89530_0, 0;
    %pushi/vec4 1, 0, 2;
    %assign/vec4 v0x55b6a3d89490_0, 0;
    %pushi/vec4 0, 0, 1;
    %assign/vec4 v0x55b6a3d8a550_0, 0;
    %jmp T_1.18;
T_1.12 ;
    %pushi/vec4 3, 0, 2;
    %assign/vec4 v0x55b6a3d897e0_0, 0;
    %pushi/vec4 0, 0, 1;
    %assign/vec4 v0x55b6a3d89530_0, 0;
    %pushi/vec4 2, 0, 2;
    %assign/vec4 v0x55b6a3d89490_0, 0;
    %jmp T_1.18;
T_1.13 ;
    %pushi/vec4 2, 0, 2;
    %assign/vec4 v0x55b6a3d897e0_0, 0;
    %pushi/vec4 0, 0, 1;
    %assign/vec4 v0x55b6a3d89530_0, 0;
    %pushi/vec4 3, 0, 2;
    %assign/vec4 v0x55b6a3d89490_0, 0;
    %pushi/vec4 0, 0, 1;
    %assign/vec4 v0x55b6a3d898c0_0, 0;
    %jmp T_1.18;
T_1.14 ;
    %pushi/vec4 0, 0, 1;
    %assign/vec4 v0x55b6a3d893d0_0, 0;
    %pushi/vec4 0, 0, 1;
    %assign/vec4 v0x55b6a3d89530_0, 0;
    %pushi/vec4 0, 0, 2;
    %assign/vec4 v0x55b6a3d89490_0, 0;
    %pushi/vec4 0, 0, 1;
    %assign/vec4 v0x55b6a3d8a550_0, 0;
    %jmp T_1.18;
T_1.15 ;
    %pushi/vec4 0, 0, 2;
    %assign/vec4 v0x55b6a3d897e0_0, 0;
    %pushi/vec4 1, 0, 1;
    %assign/vec4 v0x55b6a3d893d0_0, 0;
    %pushi/vec4 0, 0, 1;
    %assign/vec4 v0x55b6a3d89530_0, 0;
    %pushi/vec4 0, 0, 2;
    %assign/vec4 v0x55b6a3d89490_0, 0;
    %pushi/vec4 1, 0, 1;
    %assign/vec4 v0x55b6a3d898c0_0, 0;
    %jmp T_1.18;
T_1.16 ;
    %pushi/vec4 0, 0, 2;
    %assign/vec4 v0x55b6a3d897e0_0, 0;
    %pushi/vec4 1, 0, 1;
    %assign/vec4 v0x55b6a3d893d0_0, 0;
    %pushi/vec4 0, 0, 1;
    %assign/vec4 v0x55b6a3d89530_0, 0;
    %pushi/vec4 0, 0, 2;
    %assign/vec4 v0x55b6a3d89490_0, 0;
    %pushi/vec4 1, 0, 1;
    %assign/vec4 v0x55b6a3d898c0_0, 0;
    %jmp T_1.18;
T_1.18 ;
    %pop/vec4 1;
    %jmp T_1;
    .thread T_1, $push;
    .scope S_0x55b6a3d875e0;
T_2 ;
    %wait E_0x55b6a3d72f60;
    %delay 1, 0;
    %load/vec4 v0x55b6a3d87960_0;
    %cmpi/e 9, 0, 5;
    %flag_mov 8, 4;
    %load/vec4 v0x55b6a3d87960_0;
    %cmpi/e 2, 0, 5;
    %flag_or 4, 8;
    %jmp/0xz  T_2.0, 4;
    %pushi/vec4 3, 0, 32;
T_2.2 %dup/vec4;
    %pushi/vec4 0, 0, 32;
    %cmp/s;
    %jmp/1xz T_2.3, 5;
    %jmp/1 T_2.3, 4;
    %pushi/vec4 1, 0, 32;
    %sub;
    %wait E_0x55b6a3d72f60;
    %jmp T_2.2;
T_2.3 ;
    %pop/vec4 1;
    %pushi/vec4 1, 0, 1;
    %assign/vec4 v0x55b6a3d87a40_0, 0;
    %wait E_0x55b6a3d72f60;
    %pushi/vec4 0, 0, 1;
    %assign/vec4 v0x55b6a3d87a40_0, 0;
    %jmp T_2.1;
T_2.0 ;
    %load/vec4 v0x55b6a3d87960_0;
    %cmpi/e 10, 0, 5;
    %jmp/0xz  T_2.4, 4;
    %pushi/vec4 2, 0, 32;
T_2.6 %dup/vec4;
    %pushi/vec4 0, 0, 32;
    %cmp/s;
    %jmp/1xz T_2.7, 5;
    %jmp/1 T_2.7, 4;
    %pushi/vec4 1, 0, 32;
    %sub;
    %wait E_0x55b6a3d72f60;
    %jmp T_2.6;
T_2.7 ;
    %pop/vec4 1;
    %pushi/vec4 1, 0, 1;
    %assign/vec4 v0x55b6a3d87a40_0, 0;
    %wait E_0x55b6a3d72f60;
    %pushi/vec4 0, 0, 1;
    %assign/vec4 v0x55b6a3d87a40_0, 0;
    %jmp T_2.5;
T_2.4 ;
    %load/vec4 v0x55b6a3d87960_0;
    %cmpi/e 11, 0, 5;
    %jmp/0xz  T_2.8, 4;
    %wait E_0x55b6a3d72f60;
    %pushi/vec4 1, 0, 1;
    %assign/vec4 v0x55b6a3d87a40_0, 0;
    %wait E_0x55b6a3d72f60;
    %pushi/vec4 0, 0, 1;
    %assign/vec4 v0x55b6a3d87a40_0, 0;
    %jmp T_2.9;
T_2.8 ;
    %load/vec4 v0x55b6a3d87960_0;
    %cmpi/e 6, 0, 5;
    %jmp/0xz  T_2.10, 4;
    %wait E_0x55b6a3d72f60;
    %pushi/vec4 1, 0, 1;
    %assign/vec4 v0x55b6a3d87a40_0, 0;
    %wait E_0x55b6a3d72f60;
    %pushi/vec4 0, 0, 1;
    %assign/vec4 v0x55b6a3d87a40_0, 0;
    %jmp T_2.11;
T_2.10 ;
    %load/vec4 v0x55b6a3d87960_0;
    %cmpi/e 0, 0, 5;
    %flag_mov 8, 4;
    %load/vec4 v0x55b6a3d87960_0;
    %cmpi/e 1, 0, 5;
    %flag_or 4, 8;
    %flag_mov 8, 4;
    %load/vec4 v0x55b6a3d87960_0;
    %cmpi/e 3, 0, 5;
    %flag_or 4, 8;
    %flag_mov 8, 4;
    %load/vec4 v0x55b6a3d87960_0;
    %cmpi/e 4, 0, 5;
    %flag_or 4, 8;
    %flag_mov 8, 4;
    %load/vec4 v0x55b6a3d87960_0;
    %cmpi/e 5, 0, 5;
    %flag_or 4, 8;
    %flag_mov 8, 4;
    %load/vec4 v0x55b6a3d87960_0;
    %cmpi/e 8, 0, 5;
    %flag_or 4, 8;
    %flag_mov 8, 4;
    %load/vec4 v0x55b6a3d87960_0;
    %cmpi/e 7, 0, 5;
    %flag_or 4, 8;
    %jmp/0xz  T_2.12, 4;
    %pushi/vec4 2, 0, 32;
T_2.14 %dup/vec4;
    %pushi/vec4 0, 0, 32;
    %cmp/s;
    %jmp/1xz T_2.15, 5;
    %jmp/1 T_2.15, 4;
    %pushi/vec4 1, 0, 32;
    %sub;
    %wait E_0x55b6a3d72f60;
    %jmp T_2.14;
T_2.15 ;
    %pop/vec4 1;
    %pushi/vec4 1, 0, 1;
    %assign/vec4 v0x55b6a3d87a40_0, 0;
    %wait E_0x55b6a3d72f60;
    %pushi/vec4 0, 0, 1;
    %assign/vec4 v0x55b6a3d87a40_0, 0;
    %jmp T_2.13;
T_2.12 ;
    %load/vec4 v0x55b6a3d87960_0;
    %cmpi/e 13, 0, 5;
    %jmp/0xz  T_2.16, 4;
    %wait E_0x55b6a3d72f60;
    %pushi/vec4 1, 0, 1;
    %assign/vec4 v0x55b6a3d87a40_0, 0;
    %wait E_0x55b6a3d72f60;
    %pushi/vec4 0, 0, 1;
    %assign/vec4 v0x55b6a3d87a40_0, 0;
    %jmp T_2.17;
T_2.16 ;
    %load/vec4 v0x55b6a3d87960_0;
    %cmpi/e 14, 0, 5;
    %jmp/0xz  T_2.18, 4;
    %wait E_0x55b6a3d72f60;
    %pushi/vec4 1, 0, 1;
    %assign/vec4 v0x55b6a3d87a40_0, 0;
    %wait E_0x55b6a3d72f60;
    %pushi/vec4 0, 0, 1;
    %assign/vec4 v0x55b6a3d87a40_0, 0;
    %jmp T_2.19;
T_2.18 ;
    %load/vec4 v0x55b6a3d87960_0;
    %cmpi/e 5, 0, 5;
    %jmp/0xz  T_2.20, 4;
    %wait E_0x55b6a3d72f60;
    %pushi/vec4 1, 0, 1;
    %assign/vec4 v0x55b6a3d87a40_0, 0;
    %wait E_0x55b6a3d72f60;
    %pushi/vec4 0, 0, 1;
    %assign/vec4 v0x55b6a3d87a40_0, 0;
    %jmp T_2.21;
T_2.20 ;
    %load/vec4 v0x55b6a3d87960_0;
    %cmpi/e 12, 0, 5;
    %jmp/0xz  T_2.22, 4;
    %wait E_0x55b6a3d72f60;
    %pushi/vec4 1, 0, 1;
    %assign/vec4 v0x55b6a3d87a40_0, 0;
    %wait E_0x55b6a3d72f60;
    %pushi/vec4 0, 0, 1;
    %assign/vec4 v0x55b6a3d87a40_0, 0;
    %jmp T_2.23;
T_2.22 ;
    %load/vec4 v0x55b6a3d87960_0;
    %cmpi/e 15, 0, 5;
    %jmp/0xz  T_2.24, 4;
    %wait E_0x55b6a3d72f60;
    %pushi/vec4 1, 0, 1;
    %assign/vec4 v0x55b6a3d87a40_0, 0;
    %wait E_0x55b6a3d72f60;
    %pushi/vec4 0, 0, 1;
    %assign/vec4 v0x55b6a3d87a40_0, 0;
T_2.24 ;
T_2.23 ;
T_2.21 ;
T_2.19 ;
T_2.17 ;
T_2.13 ;
T_2.11 ;
T_2.9 ;
T_2.5 ;
T_2.1 ;
    %jmp T_2;
    .thread T_2;
    .scope S_0x55b6a3d875e0;
T_3 ;
    %wait E_0x55b6a3d72f60;
    %load/vec4 v0x55b6a3d87960_0;
    %dup/vec4;
    %pushi/vec4 9, 0, 5;
    %cmp/u;
    %jmp/1 T_3.0, 6;
    %dup/vec4;
    %pushi/vec4 10, 0, 5;
    %cmp/u;
    %jmp/1 T_3.1, 6;
    %dup/vec4;
    %pushi/vec4 0, 0, 5;
    %cmp/u;
    %jmp/1 T_3.2, 6;
    %dup/vec4;
    %pushi/vec4 1, 0, 5;
    %cmp/u;
    %jmp/1 T_3.3, 6;
    %dup/vec4;
    %pushi/vec4 3, 0, 5;
    %cmp/u;
    %jmp/1 T_3.4, 6;
    %dup/vec4;
    %pushi/vec4 4, 0, 5;
    %cmp/u;
    %jmp/1 T_3.5, 6;
    %dup/vec4;
    %pushi/vec4 2, 0, 5;
    %cmp/u;
    %jmp/1 T_3.6, 6;
    %dup/vec4;
    %pushi/vec4 13, 0, 5;
    %cmp/u;
    %jmp/1 T_3.7, 6;
    %dup/vec4;
    %pushi/vec4 7, 0, 5;
    %cmp/u;
    %jmp/1 T_3.8, 6;
    %dup/vec4;
    %pushi/vec4 8, 0, 5;
    %cmp/u;
    %jmp/1 T_3.9, 6;
    %dup/vec4;
    %pushi/vec4 15, 0, 5;
    %cmp/u;
    %jmp/1 T_3.10, 6;
    %dup/vec4;
    %pushi/vec4 14, 0, 5;
    %cmp/u;
    %jmp/1 T_3.11, 6;
    %jmp T_3.12;
T_3.0 ;
    %pushi/vec4 2, 0, 32;
T_3.13 %dup/vec4;
    %pushi/vec4 0, 0, 32;
    %cmp/s;
    %jmp/1xz T_3.14, 5;
    %jmp/1 T_3.14, 4;
    %pushi/vec4 1, 0, 32;
    %sub;
    %wait E_0x55b6a3d72f60;
    %jmp T_3.13;
T_3.14 ;
    %pop/vec4 1;
    %pushi/vec4 1, 0, 1;
    %assign/vec4 v0x55b6a3d87b40_0, 0;
    %wait E_0x55b6a3d72f60;
    %pushi/vec4 0, 0, 1;
    %assign/vec4 v0x55b6a3d87b40_0, 0;
    %wait E_0x55b6a3d72f60;
    %jmp T_3.12;
T_3.1 ;
    %pushi/vec4 1, 0, 1;
    %assign/vec4 v0x55b6a3d878a0_0, 0;
    %wait E_0x55b6a3d72f60;
    %pushi/vec4 0, 0, 1;
    %assign/vec4 v0x55b6a3d878a0_0, 0;
    %wait E_0x55b6a3d72f60;
    %jmp T_3.12;
T_3.2 ;
    %wait E_0x55b6a3d72f60;
    %pushi/vec4 1, 0, 1;
    %assign/vec4 v0x55b6a3d87b40_0, 0;
    %wait E_0x55b6a3d72f60;
    %pushi/vec4 0, 0, 1;
    %assign/vec4 v0x55b6a3d87b40_0, 0;
    %wait E_0x55b6a3d72f60;
    %wait E_0x55b6a3d72f60;
    %jmp T_3.12;
T_3.3 ;
    %wait E_0x55b6a3d72f60;
    %pushi/vec4 1, 0, 1;
    %assign/vec4 v0x55b6a3d87b40_0, 0;
    %wait E_0x55b6a3d72f60;
    %pushi/vec4 0, 0, 1;
    %assign/vec4 v0x55b6a3d87b40_0, 0;
    %wait E_0x55b6a3d72f60;
    %wait E_0x55b6a3d72f60;
    %jmp T_3.12;
T_3.4 ;
    %wait E_0x55b6a3d72f60;
    %pushi/vec4 1, 0, 1;
    %assign/vec4 v0x55b6a3d87b40_0, 0;
    %wait E_0x55b6a3d72f60;
    %pushi/vec4 0, 0, 1;
    %assign/vec4 v0x55b6a3d87b40_0, 0;
    %wait E_0x55b6a3d72f60;
    %wait E_0x55b6a3d72f60;
    %jmp T_3.12;
T_3.5 ;
    %wait E_0x55b6a3d72f60;
    %pushi/vec4 1, 0, 1;
    %assign/vec4 v0x55b6a3d87b40_0, 0;
    %wait E_0x55b6a3d72f60;
    %pushi/vec4 0, 0, 1;
    %assign/vec4 v0x55b6a3d87b40_0, 0;
    %wait E_0x55b6a3d72f60;
    %wait E_0x55b6a3d72f60;
    %jmp T_3.12;
T_3.6 ;
    %pushi/vec4 2, 0, 32;
T_3.15 %dup/vec4;
    %pushi/vec4 0, 0, 32;
    %cmp/s;
    %jmp/1xz T_3.16, 5;
    %jmp/1 T_3.16, 4;
    %pushi/vec4 1, 0, 32;
    %sub;
    %wait E_0x55b6a3d72f60;
    %jmp T_3.15;
T_3.16 ;
    %pop/vec4 1;
    %pushi/vec4 1, 0, 1;
    %assign/vec4 v0x55b6a3d87b40_0, 0;
    %wait E_0x55b6a3d72f60;
    %pushi/vec4 0, 0, 1;
    %assign/vec4 v0x55b6a3d87b40_0, 0;
    %wait E_0x55b6a3d72f60;
    %jmp T_3.12;
T_3.7 ;
    %pushi/vec4 1, 0, 1;
    %assign/vec4 v0x55b6a3d87b40_0, 0;
    %wait E_0x55b6a3d72f60;
    %pushi/vec4 0, 0, 1;
    %assign/vec4 v0x55b6a3d87b40_0, 0;
    %jmp T_3.12;
T_3.8 ;
    %wait E_0x55b6a3d72f60;
    %pushi/vec4 1, 0, 1;
    %assign/vec4 v0x55b6a3d87b40_0, 0;
    %wait E_0x55b6a3d72f60;
    %pushi/vec4 0, 0, 1;
    %assign/vec4 v0x55b6a3d87b40_0, 0;
    %wait E_0x55b6a3d72f60;
    %jmp T_3.12;
T_3.9 ;
    %wait E_0x55b6a3d72f60;
    %pushi/vec4 1, 0, 1;
    %assign/vec4 v0x55b6a3d87b40_0, 0;
    %wait E_0x55b6a3d72f60;
    %pushi/vec4 0, 0, 1;
    %assign/vec4 v0x55b6a3d87b40_0, 0;
    %wait E_0x55b6a3d72f60;
    %jmp T_3.12;
T_3.10 ;
    %pushi/vec4 0, 0, 1;
    %assign/vec4 v0x55b6a3d87b40_0, 0;
    %pushi/vec4 0, 0, 1;
    %assign/vec4 v0x55b6a3d878a0_0, 0;
    %wait E_0x55b6a3d72f60;
    %jmp T_3.12;
T_3.11 ;
    %pushi/vec4 1, 0, 1;
    %assign/vec4 v0x55b6a3d87b40_0, 0;
    %wait E_0x55b6a3d72f60;
    %pushi/vec4 0, 0, 1;
    %assign/vec4 v0x55b6a3d87b40_0, 0;
    %wait E_0x55b6a3d72f60;
    %jmp T_3.12;
T_3.12 ;
    %pop/vec4 1;
    %jmp T_3;
    .thread T_3;
    .scope S_0x55b6a3d83f50;
T_4 ;
    %pushi/vec4 0, 0, 24;
    %store/vec4 v0x55b6a3d84180_0, 0, 24;
    %end;
    .thread T_4;
    .scope S_0x55b6a3d83f50;
T_5 ;
    %wait E_0x55b6a3d72f60;
    %load/vec4 v0x55b6a3d844e0_0;
    %flag_set/vec4 8;
    %jmp/0xz  T_5.0, 8;
    %load/vec4 v0x55b6a3d84340_0;
    %assign/vec4 v0x55b6a3d84180_0, 0;
T_5.0 ;
    %jmp T_5;
    .thread T_5;
    .scope S_0x55b6a3d83f50;
T_6 ;
    %wait E_0x55b6a3d73760;
    %load/vec4 v0x55b6a3d84180_0;
    %assign/vec4 v0x55b6a3d84440_0, 0;
    %jmp T_6;
    .thread T_6, $push;
    .scope S_0x55b6a3d84670;
T_7 ;
    %pushi/vec4 0, 0, 24;
    %store/vec4 v0x55b6a3d848d0_0, 0, 24;
    %end;
    .thread T_7;
    .scope S_0x55b6a3d84670;
T_8 ;
    %wait E_0x55b6a3d72f60;
    %load/vec4 v0x55b6a3d84c40_0;
    %flag_set/vec4 8;
    %jmp/0xz  T_8.0, 8;
    %load/vec4 v0x55b6a3d84a90_0;
    %assign/vec4 v0x55b6a3d848d0_0, 0;
T_8.0 ;
    %jmp T_8;
    .thread T_8;
    .scope S_0x55b6a3d84670;
T_9 ;
    %wait E_0x55b6a3d84850;
    %load/vec4 v0x55b6a3d848d0_0;
    %assign/vec4 v0x55b6a3d84b60_0, 0;
    %jmp T_9;
    .thread T_9, $push;
    .scope S_0x55b6a3d831c0;
T_10 ;
    %pushi/vec4 0, 0, 24;
    %store/vec4 v0x55b6a3d833e0_0, 0, 24;
    %end;
    .thread T_10;
    .scope S_0x55b6a3d831c0;
T_11 ;
    %wait E_0x55b6a3d72f60;
    %load/vec4 v0x55b6a3d83770_0;
    %flag_set/vec4 8;
    %jmp/0xz  T_11.0, 8;
    %load/vec4 v0x55b6a3d835f0_0;
    %assign/vec4 v0x55b6a3d833e0_0, 0;
T_11.0 ;
    %jmp T_11;
    .thread T_11;
    .scope S_0x55b6a3d831c0;
T_12 ;
    %wait E_0x55b6a3d73720;
    %load/vec4 v0x55b6a3d833e0_0;
    %assign/vec4 v0x55b6a3d83690_0, 0;
    %jmp T_12;
    .thread T_12, $push;
    .scope S_0x55b6a3d8c150;
T_13 ;
    %pushi/vec4 0, 0, 32;
    %store/vec4 v0x55b6a3d8cc50_0, 0, 32;
T_13.0 ;
    %load/vec4 v0x55b6a3d8cc50_0;
    %cmpi/s 16777216, 0, 32;
    %jmp/0xz T_13.1, 5;
    %pushi/vec4 0, 0, 24;
    %ix/getv/s 4, v0x55b6a3d8cc50_0;
    %store/vec4a v0x55b6a3d8c6a0, 4, 0;
    ; show_stmt_assign_vector: Get l-value for compressed += operand
    %load/vec4 v0x55b6a3d8cc50_0;
    %pushi/vec4 1, 0, 32;
    %add;
    %store/vec4 v0x55b6a3d8cc50_0, 0, 32;
    %jmp T_13.0;
T_13.1 ;
    %end;
    .thread T_13;
    .scope S_0x55b6a3d8c150;
T_14 ;
    %wait E_0x55b6a3d72f60;
    %load/vec4 v0x55b6a3d8c850_0;
    %flag_set/vec4 8;
    %jmp/0xz  T_14.0, 8;
    %load/vec4 v0x55b6a3d8c4f0_0;
    %load/vec4 v0x55b6a3d8c410_0;
    %pad/u 26;
    %ix/vec4 3;
    %ix/load 4, 0, 0; Constant delay
    %assign/vec4/a/d v0x55b6a3d8c6a0, 0, 4;
T_14.0 ;
    %jmp T_14;
    .thread T_14;
    .scope S_0x55b6a3d8ab60;
T_15 ;
    %pushi/vec4 0, 0, 32;
    %store/vec4 v0x55b6a3d8b800_0, 0, 32;
T_15.0 ;
    %load/vec4 v0x55b6a3d8b800_0;
    %cmpi/s 16777216, 0, 32;
    %jmp/0xz T_15.1, 5;
    %pushi/vec4 0, 0, 24;
    %ix/getv/s 4, v0x55b6a3d8b800_0;
    %store/vec4a v0x55b6a3d8b090, 4, 0;
    ; show_stmt_assign_vector: Get l-value for compressed += operand
    %load/vec4 v0x55b6a3d8b800_0;
    %pushi/vec4 1, 0, 32;
    %add;
    %store/vec4 v0x55b6a3d8b800_0, 0, 32;
    %jmp T_15.0;
T_15.1 ;
    %end;
    .thread T_15;
    .scope S_0x55b6a3d8ab60;
T_16 ;
    %wait E_0x55b6a3d72f60;
    %load/vec4 v0x55b6a3d8b240_0;
    %flag_set/vec4 8;
    %jmp/0xz  T_16.0, 8;
    %load/vec4 v0x55b6a3d8aee0_0;
    %load/vec4 v0x55b6a3d8add0_0;
    %pad/u 26;
    %ix/vec4 3;
    %ix/load 4, 0, 0; Constant delay
    %assign/vec4/a/d v0x55b6a3d8b090, 0, 4;
T_16.0 ;
    %jmp T_16;
    .thread T_16;
    .scope S_0x55b6a3d8b9e0;
T_17 ;
    %pushi/vec4 0, 0, 24;
    %store/vec4 v0x55b6a3d8bc50_0, 0, 24;
    %end;
    .thread T_17;
    .scope S_0x55b6a3d8b9e0;
T_18 ;
    %wait E_0x55b6a3d72f60;
    %load/vec4 v0x55b6a3d8bfc0_0;
    %flag_set/vec4 8;
    %jmp/0xz  T_18.0, 8;
    %load/vec4 v0x55b6a3d8be10_0;
    %assign/vec4 v0x55b6a3d8bc50_0, 0;
T_18.0 ;
    %jmp T_18;
    .thread T_18;
    .scope S_0x55b6a3d8b9e0;
T_19 ;
    %wait E_0x55b6a3d8acf0;
    %load/vec4 v0x55b6a3d8bc50_0;
    %assign/vec4 v0x55b6a3d8bee0_0, 0;
    %jmp T_19;
    .thread T_19, $push;
    .scope S_0x55b6a3d8ce30;
T_20 ;
    %pushi/vec4 0, 0, 24;
    %store/vec4 v0x55b6a3d8d070_0, 0, 24;
    %end;
    .thread T_20;
    .scope S_0x55b6a3d8ce30;
T_21 ;
    %wait E_0x55b6a3d72f60;
    %load/vec4 v0x55b6a3d8d3d0_0;
    %flag_set/vec4 8;
    %jmp/0xz  T_21.0, 8;
    %load/vec4 v0x55b6a3d8d230_0;
    %assign/vec4 v0x55b6a3d8d070_0, 0;
T_21.0 ;
    %jmp T_21;
    .thread T_21;
    .scope S_0x55b6a3d8ce30;
T_22 ;
    %wait E_0x55b6a3d8c330;
    %load/vec4 v0x55b6a3d8d070_0;
    %assign/vec4 v0x55b6a3d8d330_0, 0;
    %jmp T_22;
    .thread T_22, $push;
    .scope S_0x55b6a3cda010;
T_23 ;
    %pushi/vec4 0, 0, 24;
    %store/vec4 v0x55b6a3d5f7b0_0, 0, 24;
    %end;
    .thread T_23;
    .scope S_0x55b6a3cda010;
T_24 ;
    %wait E_0x55b6a3d72f60;
    %load/vec4 v0x55b6a3d61a50_0;
    %flag_set/vec4 8;
    %jmp/0xz  T_24.0, 8;
    %load/vec4 v0x55b6a3d623f0_0;
    %assign/vec4 v0x55b6a3d5f7b0_0, 0;
T_24.0 ;
    %jmp T_24;
    .thread T_24;
    .scope S_0x55b6a3cda010;
T_25 ;
    %wait E_0x55b6a3ccfde0;
    %load/vec4 v0x55b6a3d5f7b0_0;
    %assign/vec4 v0x55b6a3d61da0_0, 0;
    %jmp T_25;
    .thread T_25, $push;
    .scope S_0x55b6a3d82b20;
T_26 ;
    %pushi/vec4 0, 0, 24;
    %store/vec4 v0x55b6a3d82d20_0, 0, 24;
    %end;
    .thread T_26;
    .scope S_0x55b6a3d82b20;
T_27 ;
    %wait E_0x55b6a3d72f60;
    %load/vec4 v0x55b6a3d83050_0;
    %flag_set/vec4 8;
    %jmp/0xz  T_27.0, 8;
    %load/vec4 v0x55b6a3d82ee0_0;
    %assign/vec4 v0x55b6a3d82d20_0, 0;
T_27.0 ;
    %jmp T_27;
    .thread T_27;
    .scope S_0x55b6a3d82b20;
T_28 ;
    %wait E_0x55b6a3d731e0;
    %load/vec4 v0x55b6a3d82d20_0;
    %assign/vec4 v0x55b6a3d82f80_0, 0;
    %jmp T_28;
    .thread T_28, $push;
    .scope S_0x55b6a3d8ed80;
T_29 ;
    %wait E_0x55b6a3d8f040;
    %load/vec4 v0x55b6a3d8f580_0;
    %dup/vec4;
    %pushi/vec4 0, 0, 2;
    %cmp/u;
    %jmp/1 T_29.0, 6;
    %dup/vec4;
    %pushi/vec4 1, 0, 2;
    %cmp/u;
    %jmp/1 T_29.1, 6;
    %dup/vec4;
    %pushi/vec4 2, 0, 2;
    %cmp/u;
    %jmp/1 T_29.2, 6;
    %dup/vec4;
    %pushi/vec4 3, 0, 2;
    %cmp/u;
    %jmp/1 T_29.3, 6;
    %jmp T_29.4;
T_29.0 ;
    %load/vec4 v0x55b6a3d8f0d0_0;
    %assign/vec4 v0x55b6a3d8f450_0, 0;
    %jmp T_29.4;
T_29.1 ;
    %load/vec4 v0x55b6a3d8f1d0_0;
    %assign/vec4 v0x55b6a3d8f450_0, 0;
    %jmp T_29.4;
T_29.2 ;
    %load/vec4 v0x55b6a3d8f2b0_0;
    %assign/vec4 v0x55b6a3d8f450_0, 0;
    %jmp T_29.4;
T_29.3 ;
    %load/vec4 v0x55b6a3d8f370_0;
    %assign/vec4 v0x55b6a3d8f450_0, 0;
    %jmp T_29.4;
T_29.4 ;
    %pop/vec4 1;
    %jmp T_29;
    .thread T_29, $push;
    .scope S_0x55b6a3d8f720;
T_30 ;
    %wait E_0x55b6a3d8f9a0;
    %load/vec4 v0x55b6a3d8ff10_0;
    %dup/vec4;
    %pushi/vec4 0, 0, 2;
    %cmp/u;
    %jmp/1 T_30.0, 6;
    %dup/vec4;
    %pushi/vec4 1, 0, 2;
    %cmp/u;
    %jmp/1 T_30.1, 6;
    %dup/vec4;
    %pushi/vec4 2, 0, 2;
    %cmp/u;
    %jmp/1 T_30.2, 6;
    %dup/vec4;
    %pushi/vec4 3, 0, 2;
    %cmp/u;
    %jmp/1 T_30.3, 6;
    %jmp T_30.4;
T_30.0 ;
    %load/vec4 v0x55b6a3d8fa30_0;
    %assign/vec4 v0x55b6a3d8fe00_0, 0;
    %jmp T_30.4;
T_30.1 ;
    %load/vec4 v0x55b6a3d8fb60_0;
    %assign/vec4 v0x55b6a3d8fe00_0, 0;
    %jmp T_30.4;
T_30.2 ;
    %load/vec4 v0x55b6a3d8fc20_0;
    %assign/vec4 v0x55b6a3d8fe00_0, 0;
    %jmp T_30.4;
T_30.3 ;
    %load/vec4 v0x55b6a3d8fd40_0;
    %assign/vec4 v0x55b6a3d8fe00_0, 0;
    %jmp T_30.4;
T_30.4 ;
    %pop/vec4 1;
    %jmp T_30;
    .thread T_30, $push;
    .scope S_0x55b6a3d853a0;
T_31 ;
    %pushi/vec4 0, 0, 32;
    %store/vec4 v0x55b6a3d86080_0, 0, 32;
T_31.0 ;
    %load/vec4 v0x55b6a3d86080_0;
    %cmpi/s 8, 0, 32;
    %jmp/0xz T_31.1, 5;
    %pushi/vec4 0, 0, 24;
    %ix/getv/s 4, v0x55b6a3d86080_0;
    %store/vec4a v0x55b6a3d85b00, 4, 0;
    ; show_stmt_assign_vector: Get l-value for compressed += operand
    %load/vec4 v0x55b6a3d86080_0;
    %pushi/vec4 1, 0, 32;
    %add;
    %store/vec4 v0x55b6a3d86080_0, 0, 32;
    %jmp T_31.0;
T_31.1 ;
    %end;
    .thread T_31;
    .scope S_0x55b6a3d853a0;
T_32 ;
    %wait E_0x55b6a3d72f60;
    %load/vec4 v0x55b6a3d85d60_0;
    %load/vec4 v0x55b6a3d85f00_0;
    %pad/u 32;
    %pushi/vec4 0, 0, 32;
    %cmp/ne;
    %flag_get/vec4 4;
    %and;
    %flag_set/vec4 8;
    %jmp/0xz  T_32.0, 8;
    %load/vec4 v0x55b6a3d85e20_0;
    %load/vec4 v0x55b6a3d85f00_0;
    %pad/u 5;
    %ix/vec4 3;
    %ix/load 4, 0, 0; Constant delay
    %assign/vec4/a/d v0x55b6a3d85b00, 0, 4;
T_32.0 ;
    %jmp T_32;
    .thread T_32;
    .scope S_0x55b6a3d853a0;
T_33 ;
    %wait E_0x55b6a3d856e0;
    %load/vec4 v0x55b6a3d85950_0;
    %pad/u 5;
    %ix/vec4 4;
    %load/vec4a v0x55b6a3d85b00, 4;
    %assign/vec4 v0x55b6a3d85770_0, 0;
    %jmp T_33;
    .thread T_33, $push;
    .scope S_0x55b6a3d853a0;
T_34 ;
    %wait E_0x55b6a3d85650;
    %load/vec4 v0x55b6a3d85a20_0;
    %pad/u 5;
    %ix/vec4 4;
    %load/vec4a v0x55b6a3d85b00, 4;
    %assign/vec4 v0x55b6a3d85880_0, 0;
    %jmp T_34;
    .thread T_34, $push;
    .scope S_0x55b6a3d8ded0;
T_35 ;
    %wait E_0x55b6a3d8d740;
    %load/vec4 v0x55b6a3d8e460_0;
    %flag_set/vec4 8;
    %jmp/0xz  T_35.0, 8;
    %load/vec4 v0x55b6a3d8e290_0;
    %assign/vec4 v0x55b6a3d8e370_0, 0;
    %jmp T_35.1;
T_35.0 ;
    %load/vec4 v0x55b6a3d8e190_0;
    %assign/vec4 v0x55b6a3d8e370_0, 0;
T_35.1 ;
    %jmp T_35;
    .thread T_35, $push;
    .scope S_0x55b6a3d86f40;
T_36 ;
    %wait E_0x55b6a3d87240;
    %load/vec4 v0x55b6a3d873a0_0;
    %ix/load 4, 0, 0;
    %ix/load 5, 0, 0;
    %flag_set/imm 4, 0;
    %assign/vec4/off/d v0x55b6a3d87480_0, 4, 5;
    %load/vec4 v0x55b6a3d872c0_0;
    %pad/u 32;
    %load/vec4 v0x55b6a3d873a0_0;
    %parti/s 1, 16, 6;
    %pad/u 32;
    %and;
    %muli 128, 0, 32;
    %pad/u 7;
    %ix/load 4, 17, 0;
    %ix/load 5, 0, 0;
    %flag_set/imm 4, 0;
    %assign/vec4/off/d v0x55b6a3d87480_0, 4, 5;
    %jmp T_36;
    .thread T_36, $push;
    .scope S_0x55b6a3d868b0;
T_37 ;
    %wait E_0x55b6a3d86ba0;
    %load/vec4 v0x55b6a3d86d00_0;
    %ix/load 4, 0, 0;
    %ix/load 5, 0, 0;
    %flag_set/imm 4, 0;
    %assign/vec4/off/d v0x55b6a3d86de0_0, 4, 5;
    %load/vec4 v0x55b6a3d86c20_0;
    %pad/u 32;
    %load/vec4 v0x55b6a3d86d00_0;
    %parti/s 1, 9, 5;
    %pad/u 32;
    %and;
    %muli 16384, 0, 32;
    %pad/u 14;
    %ix/load 4, 10, 0;
    %ix/load 5, 0, 0;
    %flag_set/imm 4, 0;
    %assign/vec4/off/d v0x55b6a3d86de0_0, 4, 5;
    %jmp T_37;
    .thread T_37, $push;
    .scope S_0x55b6a3d86260;
T_38 ;
    %wait E_0x55b6a3d863f0;
    %load/vec4 v0x55b6a3d86770_0;
    %flag_set/vec4 8;
    %jmp/0xz  T_38.0, 8;
    %load/vec4 v0x55b6a3d86570_0;
    %assign/vec4 v0x55b6a3d86650_0, 0;
    %jmp T_38.1;
T_38.0 ;
    %load/vec4 v0x55b6a3d86470_0;
    %assign/vec4 v0x55b6a3d86650_0, 0;
T_38.1 ;
    %jmp T_38;
    .thread T_38, $push;
    .scope S_0x55b6a3d616b0;
T_39 ;
    %wait E_0x55b6a3d736e0;
    %load/vec4 v0x55b6a3d829e0_0;
    %flag_set/vec4 8;
    %jmp/0xz  T_39.0, 8;
    %load/vec4 v0x55b6a3d58500_0;
    %assign/vec4 v0x55b6a3d82920_0, 0;
    %jmp T_39.1;
T_39.0 ;
    %load/vec4 v0x55b6a3d5a110_0;
    %assign/vec4 v0x55b6a3d82920_0, 0;
T_39.1 ;
    %jmp T_39;
    .thread T_39, $push;
    .scope S_0x55b6a3d87e60;
T_40 ;
    %pushi/vec4 0, 0, 24;
    %store/vec4 v0x55b6a3d88360_0, 0, 24;
    %end;
    .thread T_40;
    .scope S_0x55b6a3d87e60;
T_41 ;
    %wait E_0x55b6a3d877c0;
    %load/vec4 v0x55b6a3d88260_0;
    %dup/vec4;
    %pushi/vec4 0, 0, 5;
    %cmp/u;
    %jmp/1 T_41.0, 6;
    %dup/vec4;
    %pushi/vec4 7, 0, 5;
    %cmp/u;
    %jmp/1 T_41.1, 6;
    %dup/vec4;
    %pushi/vec4 1, 0, 5;
    %cmp/u;
    %jmp/1 T_41.2, 6;
    %dup/vec4;
    %pushi/vec4 3, 0, 5;
    %cmp/u;
    %jmp/1 T_41.3, 6;
    %dup/vec4;
    %pushi/vec4 2, 0, 5;
    %cmp/u;
    %jmp/1 T_41.4, 6;
    %dup/vec4;
    %pushi/vec4 8, 0, 5;
    %cmp/u;
    %jmp/1 T_41.5, 6;
    %dup/vec4;
    %pushi/vec4 9, 0, 5;
    %cmp/u;
    %jmp/1 T_41.6, 6;
    %dup/vec4;
    %pushi/vec4 10, 0, 5;
    %cmp/u;
    %jmp/1 T_41.7, 6;
    %dup/vec4;
    %pushi/vec4 9, 0, 5;
    %cmp/u;
    %jmp/1 T_41.8, 6;
    %dup/vec4;
    %pushi/vec4 4, 0, 5;
    %cmp/u;
    %jmp/1 T_41.9, 6;
    %dup/vec4;
    %pushi/vec4 11, 0, 5;
    %cmp/u;
    %jmp/1 T_41.10, 6;
    %dup/vec4;
    %pushi/vec4 11, 0, 5;
    %cmp/u;
    %jmp/1 T_41.11, 6;
    %dup/vec4;
    %pushi/vec4 5, 0, 5;
    %cmp/u;
    %jmp/1 T_41.12, 6;
    %dup/vec4;
    %pushi/vec4 15, 0, 5;
    %cmp/u;
    %jmp/1 T_41.13, 6;
    %jmp T_41.14;
T_41.0 ;
    %load/vec4 v0x55b6a3d88080_0;
    %load/vec4 v0x55b6a3d88190_0;
    %and;
    %store/vec4 v0x55b6a3d88400_0, 0, 24;
    %jmp T_41.14;
T_41.1 ;
    %load/vec4 v0x55b6a3d88080_0;
    %load/vec4 v0x55b6a3d88190_0;
    %and;
    %store/vec4 v0x55b6a3d88400_0, 0, 24;
    %jmp T_41.14;
T_41.2 ;
    %load/vec4 v0x55b6a3d88190_0;
    %load/vec4 v0x55b6a3d88080_0;
    %cmp/u;
    %jmp/0xz  T_41.15, 5;
    %load/vec4 v0x55b6a3d88080_0;
    %store/vec4 v0x55b6a3d88400_0, 0, 24;
    %jmp T_41.16;
T_41.15 ;
    %load/vec4 v0x55b6a3d88190_0;
    %store/vec4 v0x55b6a3d88400_0, 0, 24;
T_41.16 ;
    %jmp T_41.14;
T_41.3 ;
    %load/vec4 v0x55b6a3d88080_0;
    %load/vec4 v0x55b6a3d88190_0;
    %add;
    %store/vec4 v0x55b6a3d88400_0, 0, 24;
    %jmp T_41.14;
T_41.4 ;
    %load/vec4 v0x55b6a3d88080_0;
    %load/vec4 v0x55b6a3d88190_0;
    %add;
    %store/vec4 v0x55b6a3d88400_0, 0, 24;
    %jmp T_41.14;
T_41.5 ;
    %load/vec4 v0x55b6a3d88080_0;
    %load/vec4 v0x55b6a3d88190_0;
    %add;
    %store/vec4 v0x55b6a3d88400_0, 0, 24;
    %jmp T_41.14;
T_41.6 ;
    %load/vec4 v0x55b6a3d88080_0;
    %load/vec4 v0x55b6a3d88190_0;
    %add;
    %store/vec4 v0x55b6a3d88400_0, 0, 24;
    %jmp T_41.14;
T_41.7 ;
    %load/vec4 v0x55b6a3d88080_0;
    %load/vec4 v0x55b6a3d88190_0;
    %add;
    %store/vec4 v0x55b6a3d88400_0, 0, 24;
    %jmp T_41.14;
T_41.8 ;
    %load/vec4 v0x55b6a3d88080_0;
    %load/vec4 v0x55b6a3d88190_0;
    %add;
    %store/vec4 v0x55b6a3d88400_0, 0, 24;
    %jmp T_41.14;
T_41.9 ;
    %load/vec4 v0x55b6a3d88080_0;
    %load/vec4 v0x55b6a3d88190_0;
    %sub;
    %store/vec4 v0x55b6a3d88400_0, 0, 24;
    %jmp T_41.14;
T_41.10 ;
    %load/vec4 v0x55b6a3d88080_0;
    %load/vec4 v0x55b6a3d88190_0;
    %sub;
    %store/vec4 v0x55b6a3d88400_0, 0, 24;
    %jmp T_41.14;
T_41.11 ;
    %load/vec4 v0x55b6a3d88080_0;
    %load/vec4 v0x55b6a3d88190_0;
    %sub;
    %store/vec4 v0x55b6a3d88400_0, 0, 24;
    %jmp T_41.14;
T_41.12 ;
    %load/vec4 v0x55b6a3d88190_0;
    %load/vec4 v0x55b6a3d88080_0;
    %cmp/u;
    %flag_get/vec4 4;
    %flag_get/vec4 5;
    %or;
    %pad/u 24;
    %store/vec4 v0x55b6a3d88400_0, 0, 24;
    %jmp T_41.14;
T_41.13 ;
    %jmp T_41.14;
T_41.14 ;
    %pop/vec4 1;
    %load/vec4 v0x55b6a3d88400_0;
    %assign/vec4 v0x55b6a3d88360_0, 0;
    %load/vec4 v0x55b6a3d88400_0;
    %pad/u 32;
    %pushi/vec4 0, 0, 32;
    %cmp/e;
    %flag_get/vec4 4;
    %assign/vec4 v0x55b6a3d88530_0, 0;
    %jmp T_41;
    .thread T_41, $push;
    .scope S_0x55b6a3d88690;
T_42 ;
    %pushi/vec4 0, 0, 24;
    %store/vec4 v0x55b6a3d88960_0, 0, 24;
    %end;
    .thread T_42;
    .scope S_0x55b6a3d88690;
T_43 ;
    %wait E_0x55b6a3d72f60;
    %load/vec4 v0x55b6a3d88cc0_0;
    %flag_set/vec4 8;
    %jmp/0xz  T_43.0, 8;
    %load/vec4 v0x55b6a3d88b20_0;
    %assign/vec4 v0x55b6a3d88960_0, 0;
T_43.0 ;
    %jmp T_43;
    .thread T_43;
    .scope S_0x55b6a3d88690;
T_44 ;
    %wait E_0x55b6a3d888e0;
    %load/vec4 v0x55b6a3d88960_0;
    %assign/vec4 v0x55b6a3d88c20_0, 0;
    %jmp T_44;
    .thread T_44, $push;
    .scope S_0x55b6a3d8d560;
T_45 ;
    %wait E_0x55b6a3d8d820;
    %load/vec4 v0x55b6a3d8dd50_0;
    %dup/vec4;
    %pushi/vec4 0, 0, 2;
    %cmp/u;
    %jmp/1 T_45.0, 6;
    %dup/vec4;
    %pushi/vec4 1, 0, 2;
    %cmp/u;
    %jmp/1 T_45.1, 6;
    %dup/vec4;
    %pushi/vec4 2, 0, 2;
    %cmp/u;
    %jmp/1 T_45.2, 6;
    %dup/vec4;
    %pushi/vec4 3, 0, 2;
    %cmp/u;
    %jmp/1 T_45.3, 6;
    %jmp T_45.4;
T_45.0 ;
    %load/vec4 v0x55b6a3d8d8b0_0;
    %assign/vec4 v0x55b6a3d8dc40_0, 0;
    %jmp T_45.4;
T_45.1 ;
    %load/vec4 v0x55b6a3d8d990_0;
    %assign/vec4 v0x55b6a3d8dc40_0, 0;
    %jmp T_45.4;
T_45.2 ;
    %load/vec4 v0x55b6a3d8da60_0;
    %assign/vec4 v0x55b6a3d8dc40_0, 0;
    %jmp T_45.4;
T_45.3 ;
    %load/vec4 v0x55b6a3d8db80_0;
    %assign/vec4 v0x55b6a3d8dc40_0, 0;
    %jmp T_45.4;
T_45.4 ;
    %pop/vec4 1;
    %jmp T_45;
    .thread T_45, $push;
    .scope S_0x55b6a3d8e5c0;
T_46 ;
    %pushi/vec4 0, 0, 24;
    %store/vec4 v0x55b6a3d8e890_0, 0, 24;
    %end;
    .thread T_46;
    .scope S_0x55b6a3d8e5c0;
T_47 ;
    %wait E_0x55b6a3d72f60;
    %load/vec4 v0x55b6a3d8ec00_0;
    %flag_set/vec4 8;
    %jmp/0xz  T_47.0, 8;
    %load/vec4 v0x55b6a3d8ea50_0;
    %assign/vec4 v0x55b6a3d8e890_0, 0;
T_47.0 ;
    %jmp T_47;
    .thread T_47;
    .scope S_0x55b6a3d8e5c0;
T_48 ;
    %wait E_0x55b6a3d8e810;
    %load/vec4 v0x55b6a3d8e890_0;
    %assign/vec4 v0x55b6a3d8eb20_0, 0;
    %jmp T_48;
    .thread T_48, $push;
    .scope S_0x55b6a3d70740;
T_49 ;
    %pushi/vec4 0, 0, 1;
    %store/vec4 v0x55b6a3d933b0_0, 0, 1;
T_49.0 ;
    %delay 5, 0;
    %load/vec4 v0x55b6a3d933b0_0;
    %inv;
    %store/vec4 v0x55b6a3d933b0_0, 0, 1;
    %jmp T_49.0;
    %end;
    .thread T_49;
    .scope S_0x55b6a3d70740;
T_50 ;
    %pushi/vec4 0, 0, 24;
    %ix/load 4, 0, 0;
    %flag_set/imm 4, 0;
    %store/vec4a v0x55b6a3d8c6a0, 4, 0;
    %pushi/vec4 76856, 0, 24;
    %ix/load 4, 1, 0;
    %flag_set/imm 4, 0;
    %store/vec4a v0x55b6a3d8c6a0, 4, 0;
    %pushi/vec4 99360, 0, 24;
    %ix/load 4, 2, 0;
    %flag_set/imm 4, 0;
    %store/vec4a v0x55b6a3d8c6a0, 4, 0;
    %pushi/vec4 544, 0, 24;
    %ix/load 4, 3, 0;
    %flag_set/imm 4, 0;
    %store/vec4a v0x55b6a3d8c6a0, 4, 0;
    %pushi/vec4 35596, 0, 24;
    %ix/load 4, 4, 0;
    %flag_set/imm 4, 0;
    %store/vec4a v0x55b6a3d8c6a0, 4, 0;
    %pushi/vec4 6696, 0, 24;
    %ix/load 4, 5, 0;
    %flag_set/imm 4, 0;
    %store/vec4a v0x55b6a3d8c6a0, 4, 0;
    %pushi/vec4 21024, 0, 24;
    %ix/load 4, 6, 0;
    %flag_set/imm 4, 0;
    %store/vec4a v0x55b6a3d8c6a0, 4, 0;
    %pushi/vec4 54316, 0, 24;
    %ix/load 4, 7, 0;
    %flag_set/imm 4, 0;
    %store/vec4a v0x55b6a3d8c6a0, 4, 0;
    %pushi/vec4 67360, 0, 24;
    %ix/load 4, 8, 0;
    %flag_set/imm 4, 0;
    %store/vec4a v0x55b6a3d8c6a0, 4, 0;
    %pushi/vec4 14360, 0, 24;
    %ix/load 4, 9, 0;
    %flag_set/imm 4, 0;
    %store/vec4a v0x55b6a3d8c6a0, 4, 0;
    %pushi/vec4 544, 0, 24;
    %ix/load 4, 10, 0;
    %flag_set/imm 4, 0;
    %store/vec4a v0x55b6a3d8c6a0, 4, 0;
    %pushi/vec4 36104, 0, 24;
    %ix/load 4, 11, 0;
    %flag_set/imm 4, 0;
    %store/vec4a v0x55b6a3d8c6a0, 4, 0;
    %pushi/vec4 21024, 0, 24;
    %ix/load 4, 12, 0;
    %flag_set/imm 4, 0;
    %store/vec4a v0x55b6a3d8c6a0, 4, 0;
    %pushi/vec4 54316, 0, 24;
    %ix/load 4, 13, 0;
    %flag_set/imm 4, 0;
    %store/vec4a v0x55b6a3d8c6a0, 4, 0;
    %pushi/vec4 182048, 0, 24;
    %ix/load 4, 14, 0;
    %flag_set/imm 4, 0;
    %store/vec4a v0x55b6a3d8c6a0, 4, 0;
    %pushi/vec4 14360, 0, 24;
    %ix/load 4, 15, 0;
    %flag_set/imm 4, 0;
    %store/vec4a v0x55b6a3d8c6a0, 4, 0;
    %end;
    .thread T_50;
    .scope S_0x55b6a3d70740;
T_51 ;
    %vpi_call/w 3 60 "$dumpfile", "dump.vcd" {0 0 0};
    %vpi_call/w 3 61 "$dumpvars" {0 0 0};
    %delay 10000, 0;
    %vpi_call/w 3 63 "$finish" {0 0 0};
    %end;
    .thread T_51;
# The file index is used to find the file name in the following table.
:file_names 14;
    "N/A";
    "<interactive>";
    "-";
    "testbench.v";
    "./CPU.v";
    "./Reg.v";
    "./Mux.v";
    "./Adder.v";
    "./RegFile.v";
    "./SignExtend.v";
    "./writeControl.v";
    "./ALU.v";
    "./controlUnit.v";
    "./Memory.v";
